{"numFailedTestSuites":0,"numFailedTests":0,"numPassedTestSuites":55,"numPassedTests":276,"numPendingTestSuites":0,"numPendingTests":0,"numRuntimeErrorTestSuites":0,"numTodoTests":0,"numTotalTestSuites":55,"numTotalTests":276,"openHandles":[],"snapshot":{"added":0,"didUpdate":false,"failure":false,"filesAdded":0,"filesRemoved":0,"filesRemovedList":[],"filesUnmatched":0,"filesUpdated":0,"matched":0,"total":0,"unchecked":0,"uncheckedKeysByFile":[],"unmatched":0,"updated":0},"startTime":1769912071566,"success":true,"testResults":[{"assertionResults":[{"ancestorTitles":["AppComponent"],"duration":334,"failing":false,"failureDetails":[],"failureMessages":[],"fullName":"AppComponent should render","invocations":1,"location":null,"numPassingAsserts":1,"retryReasons":[],"startAt":1769912072670,"status":"passed","title":"should render"}],"endTime":1769912073005,"message":"","name":"/Users/portablesheep/repos/RawRequest/frontend/src/app/app.component.spec.ts","startTime":1769912071997,"status":"passed","summary":""},{"assertionResults":[{"ancestorTitles":["VirtualResponseBodyComponent"],"duration":17,"failing":false,"failureDetails":[],"failureMessages":[],"fullName":"VirtualResponseBodyComponent should create","invocations":1,"location":null,"numPassingAsserts":1,"retryReasons":[],"startAt":1769912073125,"status":"passed","title":"should create"},{"ancestorTitles":["VirtualResponseBodyComponent"],"duration":6,"failing":false,"failureDetails":[],"failureMessages":[],"fullName":"VirtualResponseBodyComponent should handle empty body","invocations":1,"location":null,"numPassingAsserts":1,"retryReasons":[],"startAt":1769912073142,"status":"passed","title":"should handle empty body"},{"ancestorTitles":["VirtualResponseBodyComponent"],"duration":7,"failing":false,"failureDetails":[],"failureMessages":[],"fullName":"VirtualResponseBodyComponent should split body into lines","invocations":1,"location":null,"numPassingAsserts":7,"retryReasons":[],"startAt":1769912073148,"status":"passed","title":"should split body into lines"},{"ancestorTitles":["VirtualResponseBodyComponent"],"duration":225,"failing":false,"failureDetails":[],"failureMessages":[],"fullName":"VirtualResponseBodyComponent should apply syntax highlighting asynchronously for JSON","invocations":1,"location":null,"numPassingAsserts":5,"retryReasons":[],"startAt":1769912073155,"status":"passed","title":"should apply syntax highlighting asynchronously for JSON"},{"ancestorTitles":["VirtualResponseBodyComponent"],"duration":16,"failing":false,"failureDetails":[],"failureMessages":[],"fullName":"VirtualResponseBodyComponent should display plain text immediately before highlighting completes","invocations":1,"location":null,"numPassingAsserts":2,"retryReasons":[],"startAt":1769912073381,"status":"passed","title":"should display plain text immediately before highlighting completes"},{"ancestorTitles":["VirtualResponseBodyComponent"],"duration":10,"failing":false,"failureDetails":[],"failureMessages":[],"fullName":"VirtualResponseBodyComponent should handle large bodies efficiently","invocations":1,"location":null,"numPassingAsserts":3,"retryReasons":[],"startAt":1769912073398,"status":"passed","title":"should handle large bodies efficiently"},{"ancestorTitles":["VirtualResponseBodyComponent"],"duration":7,"failing":false,"failureDetails":[],"failureMessages":[],"fullName":"VirtualResponseBodyComponent should have trackByLineNumber function","invocations":1,"location":null,"numPassingAsserts":1,"retryReasons":[],"startAt":1769912073408,"status":"passed","title":"should have trackByLineNumber function"}],"endTime":1769912073416,"message":"","name":"/Users/portablesheep/repos/RawRequest/frontend/src/app/components/virtual-response-body/virtual-response-body.component.spec.ts","startTime":1769912073014,"status":"passed","summary":""},{"assertionResults":[{"ancestorTitles":["script-snippet helpers"],"duration":1,"failing":false,"failureDetails":[],"failureMessages":[],"fullName":"script-snippet helpers filters by category","invocations":1,"location":null,"numPassingAsserts":1,"retryReasons":[],"startAt":1769912073506,"status":"passed","title":"filters by category"},{"ancestorTitles":["script-snippet helpers"],"duration":0,"failing":false,"failureDetails":[],"failureMessages":[],"fullName":"script-snippet helpers gets by id","invocations":1,"location":null,"numPassingAsserts":2,"retryReasons":[],"startAt":1769912073507,"status":"passed","title":"gets by id"},{"ancestorTitles":["script-snippet helpers"],"duration":0,"failing":false,"failureDetails":[],"failureMessages":[],"fullName":"script-snippet helpers searches name and description case-insensitively","invocations":1,"location":null,"numPassingAsserts":2,"retryReasons":[],"startAt":1769912073508,"status":"passed","title":"searches name and description case-insensitively"},{"ancestorTitles":["script-snippet helpers"],"duration":0,"failing":false,"failureDetails":[],"failureMessages":[],"fullName":"script-snippet helpers returns categories in expected order","invocations":1,"location":null,"numPassingAsserts":1,"retryReasons":[],"startAt":1769912073508,"status":"passed","title":"returns categories in expected order"},{"ancestorTitles":["script-snippet helpers"],"duration":1,"failing":false,"failureDetails":[],"failureMessages":[],"fullName":"script-snippet helpers returns stable category labels","invocations":1,"location":null,"numPassingAsserts":2,"retryReasons":[],"startAt":1769912073508,"status":"passed","title":"returns stable category labels"}],"endTime":1769912073509,"message":"","name":"/Users/portablesheep/repos/RawRequest/frontend/src/app/services/script-snippet/snippet-helpers.spec.ts","startTime":1769912073422,"status":"passed","summary":""},{"assertionResults":[{"ancestorTitles":["SyntaxHighlightWorkerService"],"duration":1,"failing":false,"failureDetails":[],"failureMessages":[],"fullName":"SyntaxHighlightWorkerService should be created","invocations":1,"location":null,"numPassingAsserts":1,"retryReasons":[],"startAt":1769912073595,"status":"passed","title":"should be created"},{"ancestorTitles":["SyntaxHighlightWorkerService"],"duration":0,"failing":false,"failureDetails":[],"failureMessages":[],"fullName":"SyntaxHighlightWorkerService should return null for empty content","invocations":1,"location":null,"numPassingAsserts":1,"retryReasons":[],"startAt":1769912073597,"status":"passed","title":"should return null for empty content"},{"ancestorTitles":["SyntaxHighlightWorkerService"],"duration":3,"failing":false,"failureDetails":[],"failureMessages":[],"fullName":"SyntaxHighlightWorkerService should highlight JSON content with spans","invocations":1,"location":null,"numPassingAsserts":5,"retryReasons":[],"startAt":1769912073597,"status":"passed","title":"should highlight JSON content with spans"},{"ancestorTitles":["SyntaxHighlightWorkerService"],"duration":2,"failing":false,"failureDetails":[],"failureMessages":[],"fullName":"SyntaxHighlightWorkerService should cache results","invocations":1,"location":null,"numPassingAsserts":1,"retryReasons":[],"startAt":1769912073600,"status":"passed","title":"should cache results"},{"ancestorTitles":["SyntaxHighlightWorkerService"],"duration":0,"failing":false,"failureDetails":[],"failureMessages":[],"fullName":"SyntaxHighlightWorkerService should escape HTML in plain text content","invocations":1,"location":null,"numPassingAsserts":2,"retryReasons":[],"startAt":1769912073602,"status":"passed","title":"should escape HTML in plain text content"},{"ancestorTitles":["SyntaxHighlightWorkerService"],"duration":2,"failing":false,"failureDetails":[],"failureMessages":[],"fullName":"SyntaxHighlightWorkerService should report isLarge for content over threshold","invocations":1,"location":null,"numPassingAsserts":2,"retryReasons":[],"startAt":1769912073602,"status":"passed","title":"should report isLarge for content over threshold"},{"ancestorTitles":["SyntaxHighlightWorkerService"],"duration":4,"failing":false,"failureDetails":[],"failureMessages":[],"fullName":"SyntaxHighlightWorkerService should clear cache when requested","invocations":1,"location":null,"numPassingAsserts":2,"retryReasons":[],"startAt":1769912073604,"status":"passed","title":"should clear cache when requested"},{"ancestorTitles":["SyntaxHighlightWorkerService"],"duration":2,"failing":false,"failureDetails":[],"failureMessages":[],"fullName":"SyntaxHighlightWorkerService should count lines correctly","invocations":1,"location":null,"numPassingAsserts":1,"retryReasons":[],"startAt":1769912073608,"status":"passed","title":"should count lines correctly"},{"ancestorTitles":["SyntaxHighlightWorkerService"],"duration":2,"failing":false,"failureDetails":[],"failureMessages":[],"fullName":"SyntaxHighlightWorkerService should highlight XML content","invocations":1,"location":null,"numPassingAsserts":2,"retryReasons":[],"startAt":1769912073610,"status":"passed","title":"should highlight XML content"}],"endTime":1769912073613,"message":"","name":"/Users/portablesheep/repos/RawRequest/frontend/src/app/services/syntax-highlight-worker.service.spec.ts","startTime":1769912073514,"status":"passed","summary":""},{"assertionResults":[{"ancestorTitles":["editor.highlighter.logic","getJsDecorationsForSegment"],"duration":1,"failing":false,"failureDetails":[],"failureMessages":[],"fullName":"editor.highlighter.logic getJsDecorationsForSegment returns empty for whitespace-only segment","invocations":1,"location":null,"numPassingAsserts":1,"retryReasons":[],"startAt":1769912073701,"status":"passed","title":"returns empty for whitespace-only segment"},{"ancestorTitles":["editor.highlighter.logic","getJsDecorationsForSegment"],"duration":0,"failing":false,"failureDetails":[],"failureMessages":[],"fullName":"editor.highlighter.logic getJsDecorationsForSegment highlights comments and avoids overlapping helper highlights inside comments","invocations":1,"location":null,"numPassingAsserts":2,"retryReasons":[],"startAt":1769912073702,"status":"passed","title":"highlights comments and avoids overlapping helper highlights inside comments"},{"ancestorTitles":["editor.highlighter.logic","getJsDecorationsForSegment"],"duration":0,"failing":false,"failureDetails":[],"failureMessages":[],"fullName":"editor.highlighter.logic getJsDecorationsForSegment highlights strings and avoids keyword highlights inside strings","invocations":1,"location":null,"numPassingAsserts":3,"retryReasons":[],"startAt":1769912073703,"status":"passed","title":"highlights strings and avoids keyword highlights inside strings"},{"ancestorTitles":["editor.highlighter.logic","getJsDecorationsForSegment"],"duration":1,"failing":false,"failureDetails":[],"failureMessages":[],"fullName":"editor.highlighter.logic getJsDecorationsForSegment highlights function names but excludes keyword-like functions","invocations":1,"location":null,"numPassingAsserts":2,"retryReasons":[],"startAt":1769912073703,"status":"passed","title":"highlights function names but excludes keyword-like functions"},{"ancestorTitles":["editor.highlighter.logic","getJsDecorationsForSegment"],"duration":0,"failing":false,"failureDetails":[],"failureMessages":[],"fullName":"editor.highlighter.logic getJsDecorationsForSegment produces absolute ranges using lineFrom and startOffset","invocations":1,"location":null,"numPassingAsserts":2,"retryReasons":[],"startAt":1769912073704,"status":"passed","title":"produces absolute ranges using lineFrom and startOffset"},{"ancestorTitles":["editor.highlighter.logic","getLoadKeyDecorations"],"duration":0,"failing":false,"failureDetails":[],"failureMessages":[],"fullName":"editor.highlighter.logic getLoadKeyDecorations extracts key names from @load key=value pairs","invocations":1,"location":null,"numPassingAsserts":1,"retryReasons":[],"startAt":1769912073704,"status":"passed","title":"extracts key names from @load key=value pairs"},{"ancestorTitles":["editor.highlighter.logic","getLoadKeyDecorations"],"duration":0,"failing":false,"failureDetails":[],"failureMessages":[],"fullName":"editor.highlighter.logic getLoadKeyDecorations returns empty when keyword index is invalid","invocations":1,"location":null,"numPassingAsserts":1,"retryReasons":[],"startAt":1769912073704,"status":"passed","title":"returns empty when keyword index is invalid"},{"ancestorTitles":["editor.highlighter.logic","getNonScriptLineDecorations"],"duration":1,"failing":false,"failureDetails":[],"failureMessages":[],"fullName":"editor.highlighter.logic getNonScriptLineDecorations highlights method token for MethodLine","invocations":1,"location":null,"numPassingAsserts":2,"retryReasons":[],"startAt":1769912073704,"status":"passed","title":"highlights method token for MethodLine"},{"ancestorTitles":["editor.highlighter.logic","getNonScriptLineDecorations"],"duration":0,"failing":false,"failureDetails":[],"failureMessages":[],"fullName":"editor.highlighter.logic getNonScriptLineDecorations highlights header key for HeaderLine","invocations":1,"location":null,"numPassingAsserts":1,"retryReasons":[],"startAt":1769912073705,"status":"passed","title":"highlights header key for HeaderLine"},{"ancestorTitles":["editor.highlighter.logic","getNonScriptLineDecorations"],"duration":0,"failing":false,"failureDetails":[],"failureMessages":[],"fullName":"editor.highlighter.logic getNonScriptLineDecorations highlights @env.* tokens","invocations":1,"location":null,"numPassingAsserts":2,"retryReasons":[],"startAt":1769912073705,"status":"passed","title":"highlights @env.* tokens"},{"ancestorTitles":["editor.highlighter.logic","getNonScriptLineDecorations"],"duration":0,"failing":false,"failureDetails":[],"failureMessages":[],"fullName":"editor.highlighter.logic getNonScriptLineDecorations highlights @load annotation and load keys","invocations":1,"location":null,"numPassingAsserts":2,"retryReasons":[],"startAt":1769912073706,"status":"passed","title":"highlights @load annotation and load keys"},{"ancestorTitles":["editor.highlighter.logic","getNonScriptLineDecorations"],"duration":0,"failing":false,"failureDetails":[],"failureMessages":[],"fullName":"editor.highlighter.logic getNonScriptLineDecorations highlights global var declaration name","invocations":1,"location":null,"numPassingAsserts":2,"retryReasons":[],"startAt":1769912073706,"status":"passed","title":"highlights global var declaration name"},{"ancestorTitles":["editor.highlighter.logic","getNonScriptLineDecorations"],"duration":1,"failing":false,"failureDetails":[],"failureMessages":[],"fullName":"editor.highlighter.logic getNonScriptLineDecorations adds line decoration for SeparatorLine","invocations":1,"location":null,"numPassingAsserts":1,"retryReasons":[],"startAt":1769912073706,"status":"passed","title":"adds line decoration for SeparatorLine"},{"ancestorTitles":["editor.highlighter.logic","getNonScriptLineDecorations"],"duration":0,"failing":false,"failureDetails":[],"failureMessages":[],"fullName":"editor.highlighter.logic getNonScriptLineDecorations does not add separator decoration for hash-divider lines","invocations":1,"location":null,"numPassingAsserts":1,"retryReasons":[],"startAt":1769912073707,"status":"passed","title":"does not add separator decoration for hash-divider lines"},{"ancestorTitles":["editor.highlighter.logic","getNonScriptLineDecorations"],"duration":0,"failing":false,"failureDetails":[],"failureMessages":[],"fullName":"editor.highlighter.logic getNonScriptLineDecorations highlights @name value as cm-request-name","invocations":1,"location":null,"numPassingAsserts":1,"retryReasons":[],"startAt":1769912073707,"status":"passed","title":"highlights @name value as cm-request-name"},{"ancestorTitles":["editor.highlighter.logic","getNonScriptLineDecorations"],"duration":1,"failing":false,"failureDetails":[],"failureMessages":[],"fullName":"editor.highlighter.logic getNonScriptLineDecorations adds payload line decoration for BodyLine content","invocations":1,"location":null,"numPassingAsserts":1,"retryReasons":[],"startAt":1769912073707,"status":"passed","title":"adds payload line decoration for BodyLine content"},{"ancestorTitles":["editor.highlighter.logic","getNonScriptLineDecorations"],"duration":0,"failing":false,"failureDetails":[],"failureMessages":[],"fullName":"editor.highlighter.logic getNonScriptLineDecorations adds request-start line decoration only for request-start MethodLine","invocations":1,"location":null,"numPassingAsserts":1,"retryReasons":[],"startAt":1769912073708,"status":"passed","title":"adds request-start line decoration only for request-start MethodLine"},{"ancestorTitles":["editor.highlighter.logic","getNonScriptLineDecorations"],"duration":0,"failing":false,"failureDetails":[],"failureMessages":[],"fullName":"editor.highlighter.logic getNonScriptLineDecorations does not add request-start line decoration for non-start MethodLine","invocations":1,"location":null,"numPassingAsserts":1,"retryReasons":[],"startAt":1769912073708,"status":"passed","title":"does not add request-start line decoration for non-start MethodLine"},{"ancestorTitles":["editor.highlighter.logic","getNonScriptLineDecorations"],"duration":0,"failing":false,"failureDetails":[],"failureMessages":[],"fullName":"editor.highlighter.logic getNonScriptLineDecorations adds lightweight JSON highlighting for JSON-ish BodyLine","invocations":1,"location":null,"numPassingAsserts":4,"retryReasons":[],"startAt":1769912073708,"status":"passed","title":"adds lightweight JSON highlighting for JSON-ish BodyLine"}],"endTime":1769912073709,"message":"","name":"/Users/portablesheep/repos/RawRequest/frontend/src/app/components/editor/editor.highlighter.logic.spec.ts","startTime":1769912073618,"status":"passed","summary":""},{"assertionResults":[{"ancestorTitles":["buildStopActiveRunTickPatch"],"duration":1,"failing":false,"failureDetails":[],"failureMessages":[],"fullName":"buildStopActiveRunTickPatch resets sparkline/tick state to defaults","invocations":1,"location":null,"numPassingAsserts":12,"retryReasons":[],"startAt":1769912073798,"status":"passed","title":"resets sparkline/tick state to defaults"}],"endTime":1769912073800,"message":"","name":"/Users/portablesheep/repos/RawRequest/frontend/src/app/logic/active-run/active-run-stop.logic.spec.ts","startTime":1769912073714,"status":"passed","summary":""},{"assertionResults":[{"ancestorTitles":["send-request"],"duration":2,"failing":false,"failureDetails":[],"failureMessages":[],"fullName":"send-request hydrates, builds preview, calls backend, parses response, and runs scripts","invocations":1,"location":null,"numPassingAsserts":11,"retryReasons":[],"startAt":1769912073893,"status":"passed","title":"hydrates, builds preview, calls backend, parses response, and runs scripts"},{"ancestorTitles":["send-request"],"duration":1,"failing":false,"failureDetails":[],"failureMessages":[],"fullName":"send-request throws a ResponseData fallback on backend error and includes preview if available","invocations":1,"location":null,"numPassingAsserts":1,"retryReasons":[],"startAt":1769912073895,"status":"passed","title":"throws a ResponseData fallback on backend error and includes preview if available"},{"ancestorTitles":["send-request"],"duration":0,"failing":false,"failureDetails":[],"failureMessages":[],"fullName":"send-request rethrows cancellation errors unchanged","invocations":1,"location":null,"numPassingAsserts":2,"retryReasons":[],"startAt":1769912073896,"status":"passed","title":"rethrows cancellation errors unchanged"},{"ancestorTitles":["send-request"],"duration":0,"failing":false,"failureDetails":[],"failureMessages":[],"fullName":"send-request uses backend timeout call when request.options.timeout is set","invocations":1,"location":null,"numPassingAsserts":3,"retryReasons":[],"startAt":1769912073896,"status":"passed","title":"uses backend timeout call when request.options.timeout is set"}],"endTime":1769912073897,"message":"","name":"/Users/portablesheep/repos/RawRequest/frontend/src/app/services/http/send-request.spec.ts","startTime":1769912073806,"status":"passed","summary":""},{"assertionResults":[{"ancestorTitles":["rawrequest-http parser"],"duration":2,"failing":false,"failureDetails":[],"failureMessages":[],"fullName":"rawrequest-http parser parses header keys with underscores as HeaderLine","invocations":1,"location":null,"numPassingAsserts":2,"retryReasons":[],"startAt":1769912073983,"status":"passed","title":"parses header keys with underscores as HeaderLine"}],"endTime":1769912073985,"message":"","name":"/Users/portablesheep/repos/RawRequest/frontend/src/app/components/editor/rawrequest-http-parser.spec.ts","startTime":1769912073902,"status":"passed","summary":""},{"assertionResults":[{"ancestorTitles":["active-run-sparkline.logic","tickScrollingSparkline"],"duration":3,"failing":false,"failureDetails":[],"failureMessages":[],"fullName":"active-run-sparkline.logic tickScrollingSparkline initializes series to maxPoints and produces empty transform at phase 0","invocations":1,"location":null,"numPassingAsserts":5,"retryReasons":[],"startAt":1769912074081,"status":"passed","title":"initializes series to maxPoints and produces empty transform at phase 0"},{"ancestorTitles":["active-run-sparkline.logic","tickScrollingSparkline"],"duration":1,"failing":false,"failureDetails":[],"failureMessages":[],"fullName":"active-run-sparkline.logic tickScrollingSparkline advances series when scrollPhase crosses 1 and preserves fractional remainder","invocations":1,"location":null,"numPassingAsserts":5,"retryReasons":[],"startAt":1769912074084,"status":"passed","title":"advances series when scrollPhase crosses 1 and preserves fractional remainder"},{"ancestorTitles":["active-run-sparkline.logic","tickScrollingSparkline"],"duration":0,"failing":false,"failureDetails":[],"failureMessages":[],"fullName":"active-run-sparkline.logic tickScrollingSparkline pads/trims series to match maxPoints","invocations":1,"location":null,"numPassingAsserts":2,"retryReasons":[],"startAt":1769912074085,"status":"passed","title":"pads/trims series to match maxPoints"},{"ancestorTitles":["active-run-sparkline.logic","smoothTowards"],"duration":0,"failing":false,"failureDetails":[],"failureMessages":[],"fullName":"active-run-sparkline.logic smoothTowards returns target immediately when current is null","invocations":1,"location":null,"numPassingAsserts":1,"retryReasons":[],"startAt":1769912074085,"status":"passed","title":"returns target immediately when current is null"},{"ancestorTitles":["active-run-sparkline.logic","smoothTowards"],"duration":0,"failing":false,"failureDetails":[],"failureMessages":[],"fullName":"active-run-sparkline.logic smoothTowards no-ops when target is null","invocations":1,"location":null,"numPassingAsserts":1,"retryReasons":[],"startAt":1769912074085,"status":"passed","title":"no-ops when target is null"},{"ancestorTitles":["active-run-sparkline.logic","smoothTowards"],"duration":1,"failing":false,"failureDetails":[],"failureMessages":[],"fullName":"active-run-sparkline.logic smoothTowards moves current toward target with stable factor","invocations":1,"location":null,"numPassingAsserts":1,"retryReasons":[],"startAt":1769912074085,"status":"passed","title":"moves current toward target with stable factor"},{"ancestorTitles":["active-run-sparkline.logic","sparkline path/points builders"],"duration":0,"failing":false,"failureDetails":[],"failureMessages":[],"fullName":"active-run-sparkline.logic sparkline path/points builders buildUsersSparklinePoints formats expected x/y using local max denom","invocations":1,"location":null,"numPassingAsserts":1,"retryReasons":[],"startAt":1769912074086,"status":"passed","title":"buildUsersSparklinePoints formats expected x/y using local max denom"},{"ancestorTitles":["active-run-sparkline.logic","sparkline path/points builders"],"duration":0,"failing":false,"failureDetails":[],"failureMessages":[],"fullName":"active-run-sparkline.logic sparkline path/points builders buildUsersSparklinePoints uses maxUsers as denom cap when provided","invocations":1,"location":null,"numPassingAsserts":1,"retryReasons":[],"startAt":1769912074086,"status":"passed","title":"buildUsersSparklinePoints uses maxUsers as denom cap when provided"},{"ancestorTitles":["active-run-sparkline.logic","sparkline path/points builders"],"duration":1,"failing":false,"failureDetails":[],"failureMessages":[],"fullName":"active-run-sparkline.logic sparkline path/points builders buildUsersSparklinePathD includes extra tail points only when nextValue is provided","invocations":1,"location":null,"numPassingAsserts":3,"retryReasons":[],"startAt":1769912074086,"status":"passed","title":"buildUsersSparklinePathD includes extra tail points only when nextValue is provided"},{"ancestorTitles":["active-run-sparkline.logic","sparkline path/points builders"],"duration":0,"failing":false,"failureDetails":[],"failureMessages":[],"fullName":"active-run-sparkline.logic sparkline path/points builders buildScrollingUsersSparklinePathD interpolates the x=100 point based on phase","invocations":1,"location":null,"numPassingAsserts":2,"retryReasons":[],"startAt":1769912074087,"status":"passed","title":"buildScrollingUsersSparklinePathD interpolates the x=100 point based on phase"},{"ancestorTitles":["active-run-sparkline.logic","sparkline path/points builders"],"duration":1,"failing":false,"failureDetails":[],"failureMessages":[],"fullName":"active-run-sparkline.logic sparkline path/points builders buildRpsSparklinePoints uses 1024-free linear scaling and includes x=100 only when nextValue provided","invocations":1,"location":null,"numPassingAsserts":2,"retryReasons":[],"startAt":1769912074087,"status":"passed","title":"buildRpsSparklinePoints uses 1024-free linear scaling and includes x=100 only when nextValue provided"},{"ancestorTitles":["active-run-sparkline.logic","sparkline path/points builders"],"duration":0,"failing":false,"failureDetails":[],"failureMessages":[],"fullName":"active-run-sparkline.logic sparkline path/points builders buildRpsSparklinePathD always includes a tail point beyond x=100","invocations":1,"location":null,"numPassingAsserts":2,"retryReasons":[],"startAt":1769912074088,"status":"passed","title":"buildRpsSparklinePathD always includes a tail point beyond x=100"},{"ancestorTitles":["active-run-sparkline.logic","sparkline path/points builders"],"duration":0,"failing":false,"failureDetails":[],"failureMessages":[],"fullName":"active-run-sparkline.logic sparkline path/points builders buildScrollingRpsSparklinePathD interpolates the x=100 point based on phase","invocations":1,"location":null,"numPassingAsserts":2,"retryReasons":[],"startAt":1769912074088,"status":"passed","title":"buildScrollingRpsSparklinePathD interpolates the x=100 point based on phase"},{"ancestorTitles":["active-run-sparkline.logic","queue ramping helpers"],"duration":1,"failing":false,"failureDetails":[],"failureMessages":[],"fullName":"active-run-sparkline.logic queue ramping helpers pushUsersSampleToQueue truncates and clamps negatives","invocations":1,"location":null,"numPassingAsserts":3,"retryReasons":[],"startAt":1769912074088,"status":"passed","title":"pushUsersSampleToQueue truncates and clamps negatives"},{"ancestorTitles":["active-run-sparkline.logic","queue ramping helpers"],"duration":0,"failing":false,"failureDetails":[],"failureMessages":[],"fullName":"active-run-sparkline.logic queue ramping helpers pushUsersSampleToQueue uses nextValue as current when queue is empty","invocations":1,"location":null,"numPassingAsserts":1,"retryReasons":[],"startAt":1769912074089,"status":"passed","title":"pushUsersSampleToQueue uses nextValue as current when queue is empty"},{"ancestorTitles":["active-run-sparkline.logic","queue ramping helpers"],"duration":0,"failing":false,"failureDetails":[],"failureMessages":[],"fullName":"active-run-sparkline.logic queue ramping helpers pushRpsSampleToQueue clamps NaN to 0 and trims maxQueue","invocations":1,"location":null,"numPassingAsserts":2,"retryReasons":[],"startAt":1769912074089,"status":"passed","title":"pushRpsSampleToQueue clamps NaN to 0 and trims maxQueue"},{"ancestorTitles":["active-run-sparkline.logic","tick*SparklineUi helpers"],"duration":1,"failing":false,"failureDetails":[],"failureMessages":[],"fullName":"active-run-sparkline.logic tick*SparklineUi helpers tickUsersSparklineUi preserves existing path when not advanced","invocations":1,"location":null,"numPassingAsserts":2,"retryReasons":[],"startAt":1769912074089,"status":"passed","title":"tickUsersSparklineUi preserves existing path when not advanced"},{"ancestorTitles":["active-run-sparkline.logic","tick*SparklineUi helpers"],"duration":0,"failing":false,"failureDetails":[],"failureMessages":[],"fullName":"active-run-sparkline.logic tick*SparklineUi helpers tickUsersSparklineUi rebuilds path when advanced","invocations":1,"location":null,"numPassingAsserts":3,"retryReasons":[],"startAt":1769912074090,"status":"passed","title":"tickUsersSparklineUi rebuilds path when advanced"},{"ancestorTitles":["active-run-sparkline.logic","tick*SparklineUi helpers"],"duration":0,"failing":false,"failureDetails":[],"failureMessages":[],"fullName":"active-run-sparkline.logic tick*SparklineUi helpers tickRpsSparklineUi rebuilds path when missing","invocations":1,"location":null,"numPassingAsserts":1,"retryReasons":[],"startAt":1769912074090,"status":"passed","title":"tickRpsSparklineUi rebuilds path when missing"}],"endTime":1769912074090,"message":"","name":"/Users/portablesheep/repos/RawRequest/frontend/src/app/logic/active-run/active-run-sparkline.logic.spec.ts","startTime":1769912073995,"status":"passed","summary":""},{"assertionResults":[{"ancestorTitles":["load-test-config"],"duration":1,"failing":false,"failureDetails":[],"failureMessages":[],"fullName":"load-test-config defaults iterations when no stop condition is provided","invocations":1,"location":null,"numPassingAsserts":2,"retryReasons":[],"startAt":1769912074173,"status":"passed","title":"defaults iterations when no stop condition is provided"},{"ancestorTitles":["load-test-config"],"duration":1,"failing":false,"failureDetails":[],"failureMessages":[],"fullName":"load-test-config parses duration, users, ramp, and delays","invocations":1,"location":null,"numPassingAsserts":9,"retryReasons":[],"startAt":1769912074174,"status":"passed","title":"parses duration, users, ramp, and delays"},{"ancestorTitles":["load-test-config"],"duration":0,"failing":false,"failureDetails":[],"failureMessages":[],"fullName":"load-test-config clamps start users to max users and normalizes failure rate threshold","invocations":1,"location":null,"numPassingAsserts":3,"retryReasons":[],"startAt":1769912074175,"status":"passed","title":"clamps start users to max users and normalizes failure rate threshold"},{"ancestorTitles":["load-test-config"],"duration":1,"failing":false,"failureDetails":[],"failureMessages":[],"fullName":"load-test-config enables adaptive mode with sensible defaults","invocations":1,"location":null,"numPassingAsserts":6,"retryReasons":[],"startAt":1769912074175,"status":"passed","title":"enables adaptive mode with sensible defaults"},{"ancestorTitles":["parseDurationMs"],"duration":0,"failing":false,"failureDetails":[],"failureMessages":[],"fullName":"parseDurationMs parses numbers as milliseconds","invocations":1,"location":null,"numPassingAsserts":3,"retryReasons":[],"startAt":1769912074176,"status":"passed","title":"parses numbers as milliseconds"},{"ancestorTitles":["parseDurationMs"],"duration":0,"failing":false,"failureDetails":[],"failureMessages":[],"fullName":"parseDurationMs parses unit strings","invocations":1,"location":null,"numPassingAsserts":4,"retryReasons":[],"startAt":1769912074176,"status":"passed","title":"parses unit strings"},{"ancestorTitles":["parseDurationMs"],"duration":1,"failing":false,"failureDetails":[],"failureMessages":[],"fullName":"parseDurationMs defaults to ms when no unit is provided","invocations":1,"location":null,"numPassingAsserts":2,"retryReasons":[],"startAt":1769912074176,"status":"passed","title":"defaults to ms when no unit is provided"},{"ancestorTitles":["parseDurationMs"],"duration":0,"failing":false,"failureDetails":[],"failureMessages":[],"fullName":"parseDurationMs rejects invalid/negative values","invocations":1,"location":null,"numPassingAsserts":5,"retryReasons":[],"startAt":1769912074177,"status":"passed","title":"rejects invalid/negative values"}],"endTime":1769912074177,"message":"","name":"/Users/portablesheep/repos/RawRequest/frontend/src/app/services/http/load-test-config.spec.ts","startTime":1769912074097,"status":"passed","summary":""},{"assertionResults":[{"ancestorTitles":["request-manager helpers","env-vars"],"duration":0,"failing":false,"failureDetails":[],"failureMessages":[],"fullName":"request-manager helpers env-vars prefers file.selectedEnv over global env","invocations":1,"location":null,"numPassingAsserts":1,"retryReasons":[],"startAt":1769912074262,"status":"passed","title":"prefers file.selectedEnv over global env"},{"ancestorTitles":["request-manager helpers","env-vars"],"duration":1,"failing":false,"failureDetails":[],"failureMessages":[],"fullName":"request-manager helpers env-vars falls back to global env, then default","invocations":1,"location":null,"numPassingAsserts":2,"retryReasons":[],"startAt":1769912074262,"status":"passed","title":"falls back to global env, then default"},{"ancestorTitles":["request-manager helpers","env-vars"],"duration":0,"failing":false,"failureDetails":[],"failureMessages":[],"fullName":"request-manager helpers env-vars merges base vars then env vars (env overrides)","invocations":1,"location":null,"numPassingAsserts":3,"retryReasons":[],"startAt":1769912074263,"status":"passed","title":"merges base vars then env vars (env overrides)"},{"ancestorTitles":["request-manager helpers","request-chain"],"duration":0,"failing":false,"failureDetails":[],"failureMessages":[],"fullName":"request-manager helpers request-chain builds dependency chain by name","invocations":1,"location":null,"numPassingAsserts":1,"retryReasons":[],"startAt":1769912074263,"status":"passed","title":"builds dependency chain by name"},{"ancestorTitles":["request-manager helpers","request-chain"],"duration":4,"failing":false,"failureDetails":[],"failureMessages":[],"fullName":"request-manager helpers request-chain throws on circular dependency","invocations":1,"location":null,"numPassingAsserts":1,"retryReasons":[],"startAt":1769912074263,"status":"passed","title":"throws on circular dependency"},{"ancestorTitles":["request-manager helpers","chain-items"],"duration":1,"failing":false,"failureDetails":[],"failureMessages":[],"fullName":"request-manager helpers chain-items creates chain items with primary marker","invocations":1,"location":null,"numPassingAsserts":7,"retryReasons":[],"startAt":1769912074267,"status":"passed","title":"creates chain items with primary marker"}],"endTime":1769912074268,"message":"","name":"/Users/portablesheep/repos/RawRequest/frontend/src/app/components/request-manager/request-manager.helpers.spec.ts","startTime":1769912074182,"status":"passed","summary":""},{"assertionResults":[{"ancestorTitles":["editor.component.logic","buildRequestNameRegexes/findRequestNameLineNumber"],"duration":1,"failing":false,"failureDetails":[],"failureMessages":[],"fullName":"editor.component.logic buildRequestNameRegexes/findRequestNameLineNumber returns null for empty target","invocations":1,"location":null,"numPassingAsserts":2,"retryReasons":[],"startAt":1769912074349,"status":"passed","title":"returns null for empty target"},{"ancestorTitles":["editor.component.logic","buildRequestNameRegexes/findRequestNameLineNumber"],"duration":0,"failing":false,"failureDetails":[],"failureMessages":[],"fullName":"editor.component.logic buildRequestNameRegexes/findRequestNameLineNumber finds @name target case-insensitively","invocations":1,"location":null,"numPassingAsserts":1,"retryReasons":[],"startAt":1769912074350,"status":"passed","title":"finds @name target case-insensitively"},{"ancestorTitles":["editor.component.logic","buildRequestNameRegexes/findRequestNameLineNumber"],"duration":0,"failing":false,"failureDetails":[],"failureMessages":[],"fullName":"editor.component.logic buildRequestNameRegexes/findRequestNameLineNumber finds legacy meta name marker","invocations":1,"location":null,"numPassingAsserts":1,"retryReasons":[],"startAt":1769912074351,"status":"passed","title":"finds legacy meta name marker"},{"ancestorTitles":["editor.component.logic","buildRequestNameRegexes/findRequestNameLineNumber"],"duration":0,"failing":false,"failureDetails":[],"failureMessages":[],"fullName":"editor.component.logic buildRequestNameRegexes/findRequestNameLineNumber does not match partial names","invocations":1,"location":null,"numPassingAsserts":1,"retryReasons":[],"startAt":1769912074351,"status":"passed","title":"does not match partial names"},{"ancestorTitles":["editor.component.logic","buildRequestNameRegexes/findRequestNameLineNumber"],"duration":0,"failing":false,"failureDetails":[],"failureMessages":[],"fullName":"editor.component.logic buildRequestNameRegexes/findRequestNameLineNumber escapes regex characters in target name","invocations":1,"location":null,"numPassingAsserts":1,"retryReasons":[],"startAt":1769912074351,"status":"passed","title":"escapes regex characters in target name"},{"ancestorTitles":["editor.component.logic","shouldCollapseAccidentalSelection"],"duration":1,"failing":false,"failureDetails":[],"failureMessages":[],"fullName":"editor.component.logic shouldCollapseAccidentalSelection collapses when a new selection spans >2 lines","invocations":1,"location":null,"numPassingAsserts":1,"retryReasons":[],"startAt":1769912074351,"status":"passed","title":"collapses when a new selection spans >2 lines"},{"ancestorTitles":["editor.component.logic","shouldCollapseAccidentalSelection"],"duration":0,"failing":false,"failureDetails":[],"failureMessages":[],"fullName":"editor.component.logic shouldCollapseAccidentalSelection does not collapse when selection already existed","invocations":1,"location":null,"numPassingAsserts":1,"retryReasons":[],"startAt":1769912074352,"status":"passed","title":"does not collapse when selection already existed"},{"ancestorTitles":["editor.component.logic","shouldCollapseAccidentalSelection"],"duration":0,"failing":false,"failureDetails":[],"failureMessages":[],"fullName":"editor.component.logic shouldCollapseAccidentalSelection does not collapse when selection is empty","invocations":1,"location":null,"numPassingAsserts":1,"retryReasons":[],"startAt":1769912074352,"status":"passed","title":"does not collapse when selection is empty"},{"ancestorTitles":["editor.component.logic","shouldCollapseAccidentalSelection"],"duration":0,"failing":false,"failureDetails":[],"failureMessages":[],"fullName":"editor.component.logic shouldCollapseAccidentalSelection uses configurable maxLineSpan","invocations":1,"location":null,"numPassingAsserts":1,"retryReasons":[],"startAt":1769912074352,"status":"passed","title":"uses configurable maxLineSpan"},{"ancestorTitles":["editor.component.logic","computeContextMenuLocalPosition"],"duration":1,"failing":false,"failureDetails":[],"failureMessages":[],"fullName":"editor.component.logic computeContextMenuLocalPosition prefers caret coords over event coords","invocations":1,"location":null,"numPassingAsserts":1,"retryReasons":[],"startAt":1769912074352,"status":"passed","title":"prefers caret coords over event coords"},{"ancestorTitles":["editor.component.logic","computeContextMenuLocalPosition"],"duration":0,"failing":false,"failureDetails":[],"failureMessages":[],"fullName":"editor.component.logic computeContextMenuLocalPosition clamps to viewport and converts to wrapper-local coords","invocations":1,"location":null,"numPassingAsserts":1,"retryReasons":[],"startAt":1769912074353,"status":"passed","title":"clamps to viewport and converts to wrapper-local coords"},{"ancestorTitles":["editor.component.logic","computeContextMenuLocalPosition"],"duration":0,"failing":false,"failureDetails":[],"failureMessages":[],"fullName":"editor.component.logic computeContextMenuLocalPosition never returns negative local coords","invocations":1,"location":null,"numPassingAsserts":2,"retryReasons":[],"startAt":1769912074353,"status":"passed","title":"never returns negative local coords"}],"endTime":1769912074353,"message":"","name":"/Users/portablesheep/repos/RawRequest/frontend/src/app/components/editor/editor.component.logic.spec.ts","startTime":1769912074272,"status":"passed","summary":""},{"assertionResults":[{"ancestorTitles":["http-file-analysis"],"duration":1,"failing":false,"failureDetails":[],"failureMessages":[],"fullName":"http-file-analysis detects method lines","invocations":1,"location":null,"numPassingAsserts":3,"retryReasons":[],"startAt":1769912074435,"status":"passed","title":"detects method lines"},{"ancestorTitles":["http-file-analysis"],"duration":0,"failing":false,"failureDetails":[],"failureMessages":[],"fullName":"http-file-analysis detects separator lines","invocations":1,"location":null,"numPassingAsserts":5,"retryReasons":[],"startAt":1769912074436,"status":"passed","title":"detects separator lines"},{"ancestorTitles":["http-file-analysis"],"duration":1,"failing":false,"failureDetails":[],"failureMessages":[],"fullName":"http-file-analysis extracts placeholders with correct ranges","invocations":1,"location":null,"numPassingAsserts":4,"retryReasons":[],"startAt":1769912074436,"status":"passed","title":"extracts placeholders with correct ranges"},{"ancestorTitles":["http-file-analysis"],"duration":0,"failing":false,"failureDetails":[],"failureMessages":[],"fullName":"http-file-analysis extracts @depends target range","invocations":1,"location":null,"numPassingAsserts":3,"retryReasons":[],"startAt":1769912074437,"status":"passed","title":"extracts @depends target range"},{"ancestorTitles":["http-file-analysis"],"duration":0,"failing":false,"failureDetails":[],"failureMessages":[],"fullName":"http-file-analysis extracts setVar literal keys","invocations":1,"location":null,"numPassingAsserts":3,"retryReasons":[],"startAt":1769912074437,"status":"passed","title":"extracts setVar literal keys"},{"ancestorTitles":["http-file-analysis"],"duration":0,"failing":false,"failureDetails":[],"failureMessages":[],"fullName":"http-file-analysis does not extract setVar keys from // comments","invocations":1,"location":null,"numPassingAsserts":2,"retryReasons":[],"startAt":1769912074438,"status":"passed","title":"does not extract setVar keys from // comments"},{"ancestorTitles":["http-file-analysis"],"duration":0,"failing":false,"failureDetails":[],"failureMessages":[],"fullName":"http-file-analysis does not treat // inside strings as comments","invocations":1,"location":null,"numPassingAsserts":1,"retryReasons":[],"startAt":1769912074438,"status":"passed","title":"does not treat // inside strings as comments"}],"endTime":1769912074438,"message":"","name":"/Users/portablesheep/repos/RawRequest/frontend/src/app/utils/http-file-analysis.spec.ts","startTime":1769912074358,"status":"passed","summary":""},{"assertionResults":[{"ancestorTitles":["parser/parse-http-file"],"duration":2,"failing":false,"failureDetails":[],"failureMessages":[],"fullName":"parser/parse-http-file parses env vars, variables, tab name, requests, headers, and body","invocations":1,"location":null,"numPassingAsserts":8,"retryReasons":[],"startAt":1769912074520,"status":"passed","title":"parses env vars, variables, tab name, requests, headers, and body"},{"ancestorTitles":["parser/parse-http-file"],"duration":0,"failing":false,"failureDetails":[],"failureMessages":[],"fullName":"parser/parse-http-file parses env vars defined with equals sign","invocations":1,"location":null,"numPassingAsserts":3,"retryReasons":[],"startAt":1769912074522,"status":"passed","title":"parses env vars defined with equals sign"},{"ancestorTitles":["parser/parse-http-file"],"duration":1,"failing":false,"failureDetails":[],"failureMessages":[],"fullName":"parser/parse-http-file detects scripts only for < or > blocks with braces (avoids XML confusion)","invocations":1,"location":null,"numPassingAsserts":4,"retryReasons":[],"startAt":1769912074522,"status":"passed","title":"detects scripts only for < or > blocks with braces (avoids XML confusion)"},{"ancestorTitles":["parser/parse-http-file"],"duration":0,"failing":false,"failureDetails":[],"failureMessages":[],"fullName":"parser/parse-http-file collects groups from ### group: meta ###","invocations":1,"location":null,"numPassingAsserts":2,"retryReasons":[],"startAt":1769912074523,"status":"passed","title":"collects groups from ### group: meta ###"},{"ancestorTitles":["parser/parse-http-file"],"duration":1,"failing":false,"failureDetails":[],"failureMessages":[],"fullName":"parser/parse-http-file does not treat a second method line as a new request without a separator","invocations":1,"location":null,"numPassingAsserts":2,"retryReasons":[],"startAt":1769912074523,"status":"passed","title":"does not treat a second method line as a new request without a separator"},{"ancestorTitles":["parser/parse-http-file"],"duration":0,"failing":false,"failureDetails":[],"failureMessages":[],"fullName":"parser/parse-http-file allows multiple requests when separated by a real separator line","invocations":1,"location":null,"numPassingAsserts":3,"retryReasons":[],"startAt":1769912074524,"status":"passed","title":"allows multiple requests when separated by a real separator line"}],"endTime":1769912074524,"message":"","name":"/Users/portablesheep/repos/RawRequest/frontend/src/app/services/parser/parse-http-file.spec.ts","startTime":1769912074442,"status":"passed","summary":""},{"assertionResults":[{"ancestorTitles":["active-request.logic"],"duration":0,"failing":false,"failureDetails":[],"failureMessages":[],"fullName":"active-request.logic deriveActiveRequestType returns single by default","invocations":1,"location":null,"numPassingAsserts":1,"retryReasons":[],"startAt":1769912074609,"status":"passed","title":"deriveActiveRequestType returns single by default"},{"ancestorTitles":["active-request.logic"],"duration":1,"failing":false,"failureDetails":[],"failureMessages":[],"fullName":"active-request.logic deriveActiveRequestType returns chain when depends exists","invocations":1,"location":null,"numPassingAsserts":1,"retryReasons":[],"startAt":1769912074609,"status":"passed","title":"deriveActiveRequestType returns chain when depends exists"},{"ancestorTitles":["active-request.logic"],"duration":0,"failing":false,"failureDetails":[],"failureMessages":[],"fullName":"active-request.logic deriveActiveRequestType returns load when loadTest exists","invocations":1,"location":null,"numPassingAsserts":1,"retryReasons":[],"startAt":1769912074610,"status":"passed","title":"deriveActiveRequestType returns load when loadTest exists"},{"ancestorTitles":["active-request.logic"],"duration":1,"failing":false,"failureDetails":[],"failureMessages":[],"fullName":"active-request.logic buildActiveRequestInfo is deterministic for a given nowMs","invocations":1,"location":null,"numPassingAsserts":5,"retryReasons":[],"startAt":1769912074610,"status":"passed","title":"buildActiveRequestInfo is deterministic for a given nowMs"},{"ancestorTitles":["active-request.logic"],"duration":0,"failing":false,"failureDetails":[],"failureMessages":[],"fullName":"active-request.logic buildInitialLoadRunUiState resets series and sampler fields","invocations":1,"location":null,"numPassingAsserts":9,"retryReasons":[],"startAt":1769912074611,"status":"passed","title":"buildInitialLoadRunUiState resets series and sampler fields"}],"endTime":1769912074612,"message":"","name":"/Users/portablesheep/repos/RawRequest/frontend/src/app/logic/request/active-request.logic.spec.ts","startTime":1769912074531,"status":"passed","summary":""},{"assertionResults":[{"ancestorTitles":["WorkspaceFacadeService.initializeFromStorage"],"duration":1,"failing":false,"failureDetails":[],"failureMessages":[],"fullName":"WorkspaceFacadeService.initializeFromStorage returns shouldAddNewTab=true when no saved files","invocations":1,"location":null,"numPassingAsserts":3,"retryReasons":[],"startAt":1769912074695,"status":"passed","title":"returns shouldAddNewTab=true when no saved files"},{"ancestorTitles":["WorkspaceFacadeService.initializeFromStorage"],"duration":0,"failing":false,"failureDetails":[],"failureMessages":[],"fullName":"WorkspaceFacadeService.initializeFromStorage applies session-selected env and persists session state","invocations":1,"location":null,"numPassingAsserts":7,"retryReasons":[],"startAt":1769912074697,"status":"passed","title":"applies session-selected env and persists session state"}],"endTime":1769912074698,"message":"","name":"/Users/portablesheep/repos/RawRequest/frontend/src/app/services/workspace-facade.service.spec.ts","startTime":1769912074618,"status":"passed","summary":""},{"assertionResults":[{"ancestorTitles":["load-test-backend"],"duration":3,"failing":false,"failureDetails":[],"failureMessages":[],"fullName":"load-test-backend wires events, forwards progress, and resolves on done","invocations":1,"location":null,"numPassingAsserts":11,"retryReasons":[],"startAt":1769912074779,"status":"passed","title":"wires events, forwards progress, and resolves on done"},{"ancestorTitles":["load-test-backend"],"duration":6,"failing":false,"failureDetails":[],"failureMessages":[],"fullName":"load-test-backend rejects on loadtest:error and cleans up","invocations":1,"location":null,"numPassingAsserts":4,"retryReasons":[],"startAt":1769912074782,"status":"passed","title":"rejects on loadtest:error and cleans up"}],"endTime":1769912074789,"message":"","name":"/Users/portablesheep/repos/RawRequest/frontend/src/app/services/http/load-test-backend.spec.ts","startTime":1769912074704,"status":"passed","summary":""},{"assertionResults":[{"ancestorTitles":["response-panel.logic","getChainItemsForResponsePanel"],"duration":1,"failing":false,"failureDetails":[],"failureMessages":[],"fullName":"response-panel.logic getChainItemsForResponsePanel returns responseData.chainItems when provided","invocations":1,"location":null,"numPassingAsserts":1,"retryReasons":[],"startAt":1769912074868,"status":"passed","title":"returns responseData.chainItems when provided"},{"ancestorTitles":["response-panel.logic","getChainItemsForResponsePanel"],"duration":0,"failing":false,"failureDetails":[],"failureMessages":[],"fullName":"response-panel.logic getChainItemsForResponsePanel builds a single entry from requestPreview when request is null","invocations":1,"location":null,"numPassingAsserts":8,"retryReasons":[],"startAt":1769912074869,"status":"passed","title":"builds a single entry from requestPreview when request is null"},{"ancestorTitles":["response-panel.logic","getChainItemsForResponsePanel"],"duration":1,"failing":false,"failureDetails":[],"failureMessages":[],"fullName":"response-panel.logic getChainItemsForResponsePanel returns [] when request is null and requestPreview missing","invocations":1,"location":null,"numPassingAsserts":1,"retryReasons":[],"startAt":1769912074869,"status":"passed","title":"returns [] when request is null and requestPreview missing"},{"ancestorTitles":["response-panel.logic","getChainItemsForResponsePanel"],"duration":0,"failing":false,"failureDetails":[],"failureMessages":[],"fullName":"response-panel.logic getChainItemsForResponsePanel builds a single entry from Request when provided","invocations":1,"location":null,"numPassingAsserts":6,"retryReasons":[],"startAt":1769912074873,"status":"passed","title":"builds a single entry from Request when provided"},{"ancestorTitles":["response-panel.logic","status formatting"],"duration":1,"failing":false,"failureDetails":[],"failureMessages":[],"fullName":"response-panel.logic status formatting returns pending label/class when no response","invocations":1,"location":null,"numPassingAsserts":2,"retryReasons":[],"startAt":1769912074873,"status":"passed","title":"returns pending label/class when no response"},{"ancestorTitles":["response-panel.logic","status formatting"],"duration":0,"failing":false,"failureDetails":[],"failureMessages":[],"fullName":"response-panel.logic status formatting classifies status ranges correctly","invocations":1,"location":null,"numPassingAsserts":4,"retryReasons":[],"startAt":1769912074874,"status":"passed","title":"classifies status ranges correctly"},{"ancestorTitles":["response-panel.logic","formatBytesForResponsePanel"],"duration":1,"failing":false,"failureDetails":[],"failureMessages":[],"fullName":"response-panel.logic formatBytesForResponsePanel formats bytes using 1024 units","invocations":1,"location":null,"numPassingAsserts":4,"retryReasons":[],"startAt":1769912074874,"status":"passed","title":"formats bytes using 1024 units"}],"endTime":1769912074875,"message":"","name":"/Users/portablesheep/repos/RawRequest/frontend/src/app/components/response-panel/response-panel.logic.spec.ts","startTime":1769912074792,"status":"passed","summary":""},{"assertionResults":[{"ancestorTitles":["active-run-rps-ui.logic"],"duration":4,"failing":false,"failureDetails":[],"failureMessages":[],"fullName":"active-run-rps-ui.logic does not change queue or render targets when no sample is produced","invocations":1,"location":null,"numPassingAsserts":5,"retryReasons":[],"startAt":1769912074954,"status":"passed","title":"does not change queue or render targets when no sample is produced"},{"ancestorTitles":["active-run-rps-ui.logic"],"duration":0,"failing":false,"failureDetails":[],"failureMessages":[],"fullName":"active-run-rps-ui.logic pushes queue and initializes render value when sample is produced","invocations":1,"location":null,"numPassingAsserts":3,"retryReasons":[],"startAt":1769912074959,"status":"passed","title":"pushes queue and initializes render value when sample is produced"},{"ancestorTitles":["active-run-rps-ui.logic"],"duration":0,"failing":false,"failureDetails":[],"failureMessages":[],"fullName":"active-run-rps-ui.logic does not overwrite render value once set","invocations":1,"location":null,"numPassingAsserts":2,"retryReasons":[],"startAt":1769912074959,"status":"passed","title":"does not overwrite render value once set"}],"endTime":1769912074960,"message":"","name":"/Users/portablesheep/repos/RawRequest/frontend/src/app/logic/active-run/active-run-rps-ui.logic.spec.ts","startTime":1769912074879,"status":"passed","summary":""},{"assertionResults":[{"ancestorTitles":["app.component.logic"],"duration":1,"failing":false,"failureDetails":[],"failureMessages":[],"fullName":"app.component.logic formatClockMmSs formats mm:ss and clamps negatives","invocations":1,"location":null,"numPassingAsserts":6,"retryReasons":[],"startAt":1769912075042,"status":"passed","title":"formatClockMmSs formats mm:ss and clamps negatives"},{"ancestorTitles":["app.component.logic"],"duration":4,"failing":false,"failureDetails":[],"failureMessages":[],"fullName":"app.component.logic buildRequestLabel returns METHOD url trimmed","invocations":1,"location":null,"numPassingAsserts":1,"retryReasons":[],"startAt":1769912075043,"status":"passed","title":"buildRequestLabel returns METHOD url trimmed"},{"ancestorTitles":["app.component.logic"],"duration":0,"failing":false,"failureDetails":[],"failureMessages":[],"fullName":"app.component.logic buildRequestToken is deterministic for a given nowMs","invocations":1,"location":null,"numPassingAsserts":1,"retryReasons":[],"startAt":1769912075047,"status":"passed","title":"buildRequestToken is deterministic for a given nowMs"},{"ancestorTitles":["app.component.logic"],"duration":1,"failing":false,"failureDetails":[],"failureMessages":[],"fullName":"app.component.logic buildVaultFileName uses ISO timestamp with safe separators","invocations":1,"location":null,"numPassingAsserts":1,"retryReasons":[],"startAt":1769912075047,"status":"passed","title":"buildVaultFileName uses ISO timestamp with safe separators"},{"ancestorTitles":["app.component.logic"],"duration":0,"failing":false,"failureDetails":[],"failureMessages":[],"fullName":"app.component.logic normalizeEnvName trims and defaults to \"default\"","invocations":1,"location":null,"numPassingAsserts":4,"retryReasons":[],"startAt":1769912075048,"status":"passed","title":"normalizeEnvName trims and defaults to \"default\""},{"ancestorTitles":["app.component.logic"],"duration":0,"failing":false,"failureDetails":[],"failureMessages":[],"fullName":"app.component.logic secret/vault toast builders are deterministic","invocations":1,"location":null,"numPassingAsserts":3,"retryReasons":[],"startAt":1769912075048,"status":"passed","title":"secret/vault toast builders are deterministic"},{"ancestorTitles":["app.component.logic"],"duration":0,"failing":false,"failureDetails":[],"failureMessages":[],"fullName":"app.component.logic buildTrackedLogEntryId is deterministic","invocations":1,"location":null,"numPassingAsserts":1,"retryReasons":[],"startAt":1769912075049,"status":"passed","title":"buildTrackedLogEntryId is deterministic"},{"ancestorTitles":["app.component.logic"],"duration":0,"failing":false,"failureDetails":[],"failureMessages":[],"fullName":"app.component.logic buildLastResponseSummary returns null without a response","invocations":1,"location":null,"numPassingAsserts":2,"retryReasons":[],"startAt":1769912075049,"status":"passed","title":"buildLastResponseSummary returns null without a response"},{"ancestorTitles":["app.component.logic"],"duration":1,"failing":false,"failureDetails":[],"failureMessages":[],"fullName":"app.component.logic buildLastResponseSummary formats status and time","invocations":1,"location":null,"numPassingAsserts":1,"retryReasons":[],"startAt":1769912075049,"status":"passed","title":"buildLastResponseSummary formats status and time"},{"ancestorTitles":["app.component.logic"],"duration":0,"failing":false,"failureDetails":[],"failureMessages":[],"fullName":"app.component.logic parseSplitWidthPx returns a positive integer or null","invocations":1,"location":null,"numPassingAsserts":6,"retryReasons":[],"startAt":1769912075050,"status":"passed","title":"parseSplitWidthPx returns a positive integer or null"},{"ancestorTitles":["app.component.logic"],"duration":1,"failing":false,"failureDetails":[],"failureMessages":[],"fullName":"app.component.logic buildActiveRequestPreview shows placeholder when missing request","invocations":1,"location":null,"numPassingAsserts":1,"retryReasons":[],"startAt":1769912075050,"status":"passed","title":"buildActiveRequestPreview shows placeholder when missing request"},{"ancestorTitles":["app.component.logic"],"duration":0,"failing":false,"failureDetails":[],"failureMessages":[],"fullName":"app.component.logic buildActiveRequestPreview includes body when present","invocations":1,"location":null,"numPassingAsserts":1,"retryReasons":[],"startAt":1769912075051,"status":"passed","title":"buildActiveRequestPreview includes body when present"},{"ancestorTitles":["app.component.logic"],"duration":0,"failing":false,"failureDetails":[],"failureMessages":[],"fullName":"app.component.logic buildActiveRequestMeta covers running request with timeout","invocations":1,"location":null,"numPassingAsserts":1,"retryReasons":[],"startAt":1769912075051,"status":"passed","title":"buildActiveRequestMeta covers running request with timeout"},{"ancestorTitles":["app.component.logic"],"duration":1,"failing":false,"failureDetails":[],"failureMessages":[],"fullName":"app.component.logic buildActiveRequestMeta covers running load test with planned duration","invocations":1,"location":null,"numPassingAsserts":1,"retryReasons":[],"startAt":1769912075051,"status":"passed","title":"buildActiveRequestMeta covers running load test with planned duration"},{"ancestorTitles":["app.component.logic"],"duration":0,"failing":false,"failureDetails":[],"failureMessages":[],"fullName":"app.component.logic decideFooterStatus uses summary tone rules","invocations":1,"location":null,"numPassingAsserts":2,"retryReasons":[],"startAt":1769912075052,"status":"passed","title":"decideFooterStatus uses summary tone rules"},{"ancestorTitles":["app.component.logic"],"duration":0,"failing":false,"failureDetails":[],"failureMessages":[],"fullName":"app.component.logic decideGlobalKeydownAction routes Cmd/Ctrl+S to save/saveAs","invocations":1,"location":null,"numPassingAsserts":2,"retryReasons":[],"startAt":1769912075054,"status":"passed","title":"decideGlobalKeydownAction routes Cmd/Ctrl+S to save/saveAs"},{"ancestorTitles":["app.component.logic"],"duration":1,"failing":false,"failureDetails":[],"failureMessages":[],"fullName":"app.component.logic findExistingOpenFileIndex finds by filePath or id","invocations":1,"location":null,"numPassingAsserts":4,"retryReasons":[],"startAt":1769912075054,"status":"passed","title":"findExistingOpenFileIndex finds by filePath or id"},{"ancestorTitles":["app.component.logic"],"duration":0,"failing":false,"failureDetails":[],"failureMessages":[],"fullName":"app.component.logic decideGlobalKeydownAction closes topmost overlays on Escape","invocations":1,"location":null,"numPassingAsserts":3,"retryReasons":[],"startAt":1769912075055,"status":"passed","title":"decideGlobalKeydownAction closes topmost overlays on Escape"},{"ancestorTitles":["app.component.logic"],"duration":1,"failing":false,"failureDetails":[],"failureMessages":[],"fullName":"app.component.logic decideGlobalKeydownAction cancels request on Escape when running","invocations":1,"location":null,"numPassingAsserts":2,"retryReasons":[],"startAt":1769912075055,"status":"passed","title":"decideGlobalKeydownAction cancels request on Escape when running"},{"ancestorTitles":["app.component.logic"],"duration":0,"failing":false,"failureDetails":[],"failureMessages":[],"fullName":"app.component.logic getRequestTimeoutMs returns positive timeout or null","invocations":1,"location":null,"numPassingAsserts":3,"retryReasons":[],"startAt":1769912075056,"status":"passed","title":"getRequestTimeoutMs returns positive timeout or null"}],"endTime":1769912075057,"message":"","name":"/Users/portablesheep/repos/RawRequest/frontend/src/app/logic/app/app.component.logic.spec.ts","startTime":1769912074964,"status":"passed","summary":""},{"assertionResults":[{"ancestorTitles":["hydration"],"duration":0,"failing":false,"failureDetails":[],"failureMessages":[],"fullName":"hydration normalizes env name to default","invocations":1,"location":null,"numPassingAsserts":4,"retryReasons":[],"startAt":1769912075151,"status":"passed","title":"normalizes env name to default"},{"ancestorTitles":["hydration"],"duration":1,"failing":false,"failureDetails":[],"failureMessages":[],"fullName":"hydration hydrates text via secrets then variables","invocations":1,"location":null,"numPassingAsserts":1,"retryReasons":[],"startAt":1769912075151,"status":"passed","title":"hydrates text via secrets then variables"},{"ancestorTitles":["hydration"],"duration":0,"failing":false,"failureDetails":[],"failureMessages":[],"fullName":"hydration hydrates text secrets-only without replacing variables","invocations":1,"location":null,"numPassingAsserts":1,"retryReasons":[],"startAt":1769912075152,"status":"passed","title":"hydrates text secrets-only without replacing variables"},{"ancestorTitles":["hydration"],"duration":1,"failing":false,"failureDetails":[],"failureMessages":[],"fullName":"hydration hydrates headers using provided replacer","invocations":1,"location":null,"numPassingAsserts":2,"retryReasons":[],"startAt":1769912075152,"status":"passed","title":"hydrates headers using provided replacer"},{"ancestorTitles":["hydration"],"duration":0,"failing":false,"failureDetails":[],"failureMessages":[],"fullName":"hydration hydrates headers secrets-only","invocations":1,"location":null,"numPassingAsserts":2,"retryReasons":[],"startAt":1769912075153,"status":"passed","title":"hydrates headers secrets-only"},{"ancestorTitles":["hydration"],"duration":1,"failing":false,"failureDetails":[],"failureMessages":[],"fullName":"hydration replaces variables multiple times","invocations":1,"location":null,"numPassingAsserts":1,"retryReasons":[],"startAt":1769912075153,"status":"passed","title":"replaces variables multiple times"},{"ancestorTitles":["hydration"],"duration":0,"failing":false,"failureDetails":[],"failureMessages":[],"fullName":"hydration leaves unknown placeholders intact","invocations":1,"location":null,"numPassingAsserts":1,"retryReasons":[],"startAt":1769912075154,"status":"passed","title":"leaves unknown placeholders intact"}],"endTime":1769912075154,"message":"","name":"/Users/portablesheep/repos/RawRequest/frontend/src/app/services/http/hydration.spec.ts","startTime":1769912075061,"status":"passed","summary":""},{"assertionResults":[{"ancestorTitles":["request-manager.logic"],"duration":1,"failing":false,"failureDetails":[],"failureMessages":[],"fullName":"request-manager.logic shouldSkipDuplicateExecution only skips same index while executing","invocations":1,"location":null,"numPassingAsserts":3,"retryReasons":[],"startAt":1769912075235,"status":"passed","title":"shouldSkipDuplicateExecution only skips same index while executing"},{"ancestorTitles":["request-manager.logic"],"duration":0,"failing":false,"failureDetails":[],"failureMessages":[],"fullName":"request-manager.logic buildRequestId is stable with explicit nowMs","invocations":1,"location":null,"numPassingAsserts":1,"retryReasons":[],"startAt":1769912075236,"status":"passed","title":"buildRequestId is stable with explicit nowMs"},{"ancestorTitles":["request-manager.logic"],"duration":1,"failing":false,"failureDetails":[],"failureMessages":[],"fullName":"request-manager.logic applyResponseDataForRequest copies the files array and sets responseData","invocations":1,"location":null,"numPassingAsserts":2,"retryReasons":[],"startAt":1769912075236,"status":"passed","title":"applyResponseDataForRequest copies the files array and sets responseData"},{"ancestorTitles":["request-manager.logic"],"duration":0,"failing":false,"failureDetails":[],"failureMessages":[],"fullName":"request-manager.logic buildHistoryItem prefers processedUrl over fallbackUrl","invocations":1,"location":null,"numPassingAsserts":2,"retryReasons":[],"startAt":1769912075237,"status":"passed","title":"buildHistoryItem prefers processedUrl over fallbackUrl"},{"ancestorTitles":["request-manager.logic"],"duration":1,"failing":false,"failureDetails":[],"failureMessages":[],"fullName":"request-manager.logic buildFailureResponse uses fallbacks and attaches requestPreview/processedUrl","invocations":1,"location":null,"numPassingAsserts":5,"retryReasons":[],"startAt":1769912075239,"status":"passed","title":"buildFailureResponse uses fallbacks and attaches requestPreview/processedUrl"},{"ancestorTitles":["request-manager.logic"],"duration":0,"failing":false,"failureDetails":[],"failureMessages":[],"fullName":"request-manager.logic buildCancelledResponse matches expected shape","invocations":1,"location":null,"numPassingAsserts":2,"retryReasons":[],"startAt":1769912075240,"status":"passed","title":"buildCancelledResponse matches expected shape"},{"ancestorTitles":["request-manager.logic"],"duration":0,"failing":false,"failureDetails":[],"failureMessages":[],"fullName":"request-manager.logic decideLoadTestStatusText matches cancelled/aborted/complete rules","invocations":1,"location":null,"numPassingAsserts":3,"retryReasons":[],"startAt":1769912075241,"status":"passed","title":"decideLoadTestStatusText matches cancelled/aborted/complete rules"},{"ancestorTitles":["request-manager.logic"],"duration":0,"failing":false,"failureDetails":[],"failureMessages":[],"fullName":"request-manager.logic buildLoadTestSummaryResponse computes responseTime and JSON body","invocations":1,"location":null,"numPassingAsserts":3,"retryReasons":[],"startAt":1769912075241,"status":"passed","title":"buildLoadTestSummaryResponse computes responseTime and JSON body"}],"endTime":1769912075242,"message":"","name":"/Users/portablesheep/repos/RawRequest/frontend/src/app/components/request-manager/request-manager.logic.spec.ts","startTime":1769912075162,"status":"passed","summary":""},{"assertionResults":[{"ancestorTitles":["HistoryStoreService"],"duration":1,"failing":false,"failureDetails":[],"failureMessages":[],"fullName":"HistoryStoreService loads once then serves from cache","invocations":1,"location":null,"numPassingAsserts":3,"retryReasons":[],"startAt":1769912075322,"status":"passed","title":"loads once then serves from cache"}],"endTime":1769912075324,"message":"","name":"/Users/portablesheep/repos/RawRequest/frontend/src/app/services/history-store.service.spec.ts","startTime":1769912075246,"status":"passed","summary":""},{"assertionResults":[{"ancestorTitles":["sparkline utils"],"duration":3,"failing":false,"failureDetails":[],"failureMessages":[],"fullName":"sparkline utils enqueueRamp generates smoothstep intermediate values","invocations":1,"location":null,"numPassingAsserts":6,"retryReasons":[],"startAt":1769912075403,"status":"passed","title":"enqueueRamp generates smoothstep intermediate values"},{"ancestorTitles":["sparkline utils"],"duration":0,"failing":false,"failureDetails":[],"failureMessages":[],"fullName":"sparkline utils enqueueRamp respects integer mode","invocations":1,"location":null,"numPassingAsserts":2,"retryReasons":[],"startAt":1769912075407,"status":"passed","title":"enqueueRamp respects integer mode"},{"ancestorTitles":["sparkline utils"],"duration":1,"failing":false,"failureDetails":[],"failureMessages":[],"fullName":"sparkline utils pointsToString formats points","invocations":1,"location":null,"numPassingAsserts":1,"retryReasons":[],"startAt":1769912075407,"status":"passed","title":"pointsToString formats points"},{"ancestorTitles":["sparkline utils"],"duration":0,"failing":false,"failureDetails":[],"failureMessages":[],"fullName":"sparkline utils pointsToSmoothPathD returns a cubic path and clamps Y control points","invocations":1,"location":null,"numPassingAsserts":4,"retryReasons":[],"startAt":1769912075408,"status":"passed","title":"pointsToSmoothPathD returns a cubic path and clamps Y control points"}],"endTime":1769912075408,"message":"","name":"/Users/portablesheep/repos/RawRequest/frontend/src/app/utils/sparkline.spec.ts","startTime":1769912075328,"status":"passed","summary":""},{"assertionResults":[{"ancestorTitles":["go-response"],"duration":1,"failing":false,"failureDetails":[],"failureMessages":[],"fullName":"go-response returns a Request Error for Go error strings","invocations":1,"location":null,"numPassingAsserts":3,"retryReasons":[],"startAt":1769912075489,"status":"passed","title":"returns a Request Error for Go error strings"},{"ancestorTitles":["go-response"],"duration":0,"failing":false,"failureDetails":[],"failureMessages":[],"fullName":"go-response parses status, headers metadata, and JSON body","invocations":1,"location":null,"numPassingAsserts":7,"retryReasons":[],"startAt":1769912075491,"status":"passed","title":"parses status, headers metadata, and JSON body"},{"ancestorTitles":["go-response"],"duration":1,"failing":false,"failureDetails":[],"failureMessages":[],"fullName":"go-response parses assertions when present","invocations":1,"location":null,"numPassingAsserts":1,"retryReasons":[],"startAt":1769912075491,"status":"passed","title":"parses assertions when present"},{"ancestorTitles":["go-response"],"duration":0,"failing":false,"failureDetails":[],"failureMessages":[],"fullName":"go-response treats unparseable content as Parse Error","invocations":1,"location":null,"numPassingAsserts":3,"retryReasons":[],"startAt":1769912075492,"status":"passed","title":"treats unparseable content as Parse Error"}],"endTime":1769912075493,"message":"","name":"/Users/portablesheep/repos/RawRequest/frontend/src/app/services/http/go-response.spec.ts","startTime":1769912075413,"status":"passed","summary":""},{"assertionResults":[{"ancestorTitles":["active-run-tick.logic"],"duration":1,"failing":false,"failureDetails":[],"failureMessages":[],"fullName":"active-run-tick.logic does nothing when request is not running","invocations":1,"location":null,"numPassingAsserts":1,"retryReasons":[],"startAt":1769912075572,"status":"passed","title":"does nothing when request is not running"},{"ancestorTitles":["active-run-tick.logic"],"duration":0,"failing":false,"failureDetails":[],"failureMessages":[],"fullName":"active-run-tick.logic does nothing for non-load requests","invocations":1,"location":null,"numPassingAsserts":1,"retryReasons":[],"startAt":1769912075573,"status":"passed","title":"does nothing for non-load requests"},{"ancestorTitles":["active-run-tick.logic"],"duration":0,"failing":false,"failureDetails":[],"failureMessages":[],"fullName":"active-run-tick.logic samples users and requests RPS sampling for load runs","invocations":1,"location":null,"numPassingAsserts":1,"retryReasons":[],"startAt":1769912075574,"status":"passed","title":"samples users and requests RPS sampling for load runs"},{"ancestorTitles":["active-run-tick.logic"],"duration":0,"failing":false,"failureDetails":[],"failureMessages":[],"fullName":"active-run-tick.logic uses 0 users sample when activeUsers is missing/invalid","invocations":1,"location":null,"numPassingAsserts":2,"retryReasons":[],"startAt":1769912075574,"status":"passed","title":"uses 0 users sample when activeUsers is missing/invalid"}],"endTime":1769912075575,"message":"","name":"/Users/portablesheep/repos/RawRequest/frontend/src/app/logic/active-run/active-run-tick.logic.spec.ts","startTime":1769912075497,"status":"passed","summary":""},{"assertionResults":[{"ancestorTitles":["workspace-update.logic"],"duration":0,"failing":false,"failureDetails":[],"failureMessages":[],"fullName":"workspace-update.logic prefers explicit currentEnv even if empty string","invocations":1,"location":null,"numPassingAsserts":1,"retryReasons":[],"startAt":1769912075656,"status":"passed","title":"prefers explicit currentEnv even if empty string"},{"ancestorTitles":["workspace-update.logic"],"duration":0,"failing":false,"failureDetails":[],"failureMessages":[],"fullName":"workspace-update.logic falls back to selectedEnv when currentEnv is undefined","invocations":1,"location":null,"numPassingAsserts":1,"retryReasons":[],"startAt":1769912075657,"status":"passed","title":"falls back to selectedEnv when currentEnv is undefined"},{"ancestorTitles":["workspace-update.logic"],"duration":1,"failing":false,"failureDetails":[],"failureMessages":[],"fullName":"workspace-update.logic prefers activeFileId override when provided","invocations":1,"location":null,"numPassingAsserts":1,"retryReasons":[],"startAt":1769912075657,"status":"passed","title":"prefers activeFileId override when provided"},{"ancestorTitles":["workspace-update.logic"],"duration":0,"failing":false,"failureDetails":[],"failureMessages":[],"fullName":"workspace-update.logic returns null activeFileId when index is out of range","invocations":1,"location":null,"numPassingAsserts":1,"retryReasons":[],"startAt":1769912075658,"status":"passed","title":"returns null activeFileId when index is out of range"},{"ancestorTitles":["workspace-update.logic"],"duration":1,"failing":false,"failureDetails":[],"failureMessages":[],"fullName":"workspace-update.logic deriveAppStateAfterWorkspaceUpdateWithEnvSync uses synced files/env","invocations":1,"location":null,"numPassingAsserts":3,"retryReasons":[],"startAt":1769912075658,"status":"passed","title":"deriveAppStateAfterWorkspaceUpdateWithEnvSync uses synced files/env"}],"endTime":1769912075659,"message":"","name":"/Users/portablesheep/repos/RawRequest/frontend/src/app/logic/app/workspace-update.logic.spec.ts","startTime":1769912075579,"status":"passed","summary":""},{"assertionResults":[{"ancestorTitles":["file-save.logic"],"duration":1,"failing":false,"failureDetails":[],"failureMessages":[],"fullName":"file-save.logic buildFirstSaveDefaultName prefers name then displayName","invocations":1,"location":null,"numPassingAsserts":3,"retryReasons":[],"startAt":1769912075740,"status":"passed","title":"buildFirstSaveDefaultName prefers name then displayName"},{"ancestorTitles":["file-save.logic"],"duration":1,"failing":false,"failureDetails":[],"failureMessages":[],"fullName":"file-save.logic buildSaveAsDefaultName uses basename fallback chain","invocations":1,"location":null,"numPassingAsserts":4,"retryReasons":[],"startAt":1769912075741,"status":"passed","title":"buildSaveAsDefaultName uses basename fallback chain"},{"ancestorTitles":["file-save.logic"],"duration":0,"failing":false,"failureDetails":[],"failureMessages":[],"fullName":"file-save.logic buildFileAfterSave updates id, filePath, and name","invocations":1,"location":null,"numPassingAsserts":3,"retryReasons":[],"startAt":1769912075742,"status":"passed","title":"buildFileAfterSave updates id, filePath, and name"},{"ancestorTitles":["file-save.logic"],"duration":0,"failing":false,"failureDetails":[],"failureMessages":[],"fullName":"file-save.logic decideFirstSaveHistoryMigration only migrates non-empty history","invocations":1,"location":null,"numPassingAsserts":3,"retryReasons":[],"startAt":1769912075743,"status":"passed","title":"decideFirstSaveHistoryMigration only migrates non-empty history"},{"ancestorTitles":["file-save.logic"],"duration":1,"failing":false,"failureDetails":[],"failureMessages":[],"fullName":"file-save.logic decideSaveAsHistoryMigration always returns a patch (empty history allowed)","invocations":1,"location":null,"numPassingAsserts":1,"retryReasons":[],"startAt":1769912075743,"status":"passed","title":"decideSaveAsHistoryMigration always returns a patch (empty history allowed)"}],"endTime":1769912075744,"message":"","name":"/Users/portablesheep/repos/RawRequest/frontend/src/app/logic/app/file-save.logic.spec.ts","startTime":1769912075663,"status":"passed","summary":""},{"assertionResults":[{"ancestorTitles":["path utils","basename"],"duration":1,"failing":false,"failureDetails":[],"failureMessages":[],"fullName":"path utils basename returns empty for empty input","invocations":1,"location":null,"numPassingAsserts":2,"retryReasons":[],"startAt":1769912075825,"status":"passed","title":"returns empty for empty input"},{"ancestorTitles":["path utils","basename"],"duration":0,"failing":false,"failureDetails":[],"failureMessages":[],"fullName":"path utils basename handles posix paths","invocations":1,"location":null,"numPassingAsserts":3,"retryReasons":[],"startAt":1769912075826,"status":"passed","title":"handles posix paths"},{"ancestorTitles":["path utils","basename"],"duration":0,"failing":false,"failureDetails":[],"failureMessages":[],"fullName":"path utils basename handles windows paths","invocations":1,"location":null,"numPassingAsserts":2,"retryReasons":[],"startAt":1769912075827,"status":"passed","title":"handles windows paths"},{"ancestorTitles":["path utils","basename"],"duration":0,"failing":false,"failureDetails":[],"failureMessages":[],"fullName":"path utils basename strips extension when provided","invocations":1,"location":null,"numPassingAsserts":3,"retryReasons":[],"startAt":1769912075827,"status":"passed","title":"strips extension when provided"},{"ancestorTitles":["path utils","basename"],"duration":1,"failing":false,"failureDetails":[],"failureMessages":[],"fullName":"path utils basename does not strip extension if it does not match","invocations":1,"location":null,"numPassingAsserts":2,"retryReasons":[],"startAt":1769912075827,"status":"passed","title":"does not strip extension if it does not match"},{"ancestorTitles":["path utils","dirname"],"duration":0,"failing":false,"failureDetails":[],"failureMessages":[],"fullName":"path utils dirname returns empty for empty input","invocations":1,"location":null,"numPassingAsserts":2,"retryReasons":[],"startAt":1769912075828,"status":"passed","title":"returns empty for empty input"},{"ancestorTitles":["path utils","dirname"],"duration":1,"failing":false,"failur
[...]
nt.logic"],"duration":0,"failing":false,"failureDetails":[],"failureMessages":[],"fullName":"editor.lint.logic unknown depends diagnostics uses dependsTokenByRequestIndex ranges","invocations":1,"location":null,"numPassingAsserts":3,"retryReasons":[],"startAt":1769912076891,"status":"passed","title":"unknown depends diagnostics uses dependsTokenByRequestIndex ranges"},{"ancestorTitles":["editor.lint.logic"],"duration":4,"failing":false,"failureDetails":[],"failureMessages":[],"fullName":"editor.lint.logic cycle diagnostics flags tokens on cycle nodes","invocations":1,"location":null,"numPassingAsserts":2,"retryReasons":[],"startAt":1769912076891,"status":"passed","title":"cycle diagnostics flags tokens on cycle nodes"},{"ancestorTitles":["editor.lint.logic"],"duration":1,"failing":false,"failureDetails":[],"failureMessages":[],"fullName":"editor.lint.logic collectUnknownVariableDiagnosticsForLine respects vars/env/secret/chainVars","invocations":1,"location":null,"numPassingAsserts":2,"retryReasons":[],"startAt":1769912076895,"status":"passed","title":"collectUnknownVariableDiagnosticsForLine respects vars/env/secret/chainVars"}],"endTime":1769912076897,"message":"","name":"/Users/portablesheep/repos/RawRequest/frontend/src/app/components/editor/editor.lint.logic.spec.ts","startTime":1769912076806,"status":"passed","summary":""},{"assertionResults":[{"ancestorTitles":["editor.chain-vars"],"duration":1,"failing":false,"failureDetails":[],"failureMessages":[],"fullName":"editor.chain-vars returns origin for pre-script setVar in same request","invocations":1,"location":null,"numPassingAsserts":1,"retryReasons":[],"startAt":1769912076982,"status":"passed","title":"returns origin for pre-script setVar in same request"},{"ancestorTitles":["editor.chain-vars"],"duration":1,"failing":false,"failureDetails":[],"failureMessages":[],"fullName":"editor.chain-vars returns origin from ancestor post-script","invocations":1,"location":null,"numPassingAsserts":4,"retryReasons":[],"startAt":1769912076986,"status":"passed","title":"returns origin from ancestor post-script"},{"ancestorTitles":["editor.chain-vars"],"duration":1,"failing":false,"failureDetails":[],"failureMessages":[],"fullName":"editor.chain-vars walks multi-hop chains and prefers earliest origin","invocations":1,"location":null,"numPassingAsserts":2,"retryReasons":[],"startAt":1769912076987,"status":"passed","title":"walks multi-hop chains and prefers earliest origin"},{"ancestorTitles":["editor.chain-vars"],"duration":1,"failing":false,"failureDetails":[],"failureMessages":[],"fullName":"editor.chain-vars does not include the current request's post-script by default","invocations":1,"location":null,"numPassingAsserts":2,"retryReasons":[],"startAt":1769912076988,"status":"passed","title":"does not include the current request's post-script by default"},{"ancestorTitles":["editor.chain-vars"],"duration":1,"failing":false,"failureDetails":[],"failureMessages":[],"fullName":"editor.chain-vars does not infinite loop on cyclic depends","invocations":1,"location":null,"numPassingAsserts":2,"retryReasons":[],"startAt":1769912076989,"status":"passed","title":"does not infinite loop on cyclic depends"}],"endTime":1769912076990,"message":"","name":"/Users/portablesheep/repos/RawRequest/frontend/src/app/components/editor/editor.chain-vars.spec.ts","startTime":1769912076901,"status":"passed","summary":""},{"assertionResults":[{"ancestorTitles":["active-run-rps.logic"],"duration":1,"failing":false,"failureDetails":[],"failureMessages":[],"fullName":"active-run-rps.logic initializes sampling state and returns no sample","invocations":1,"location":null,"numPassingAsserts":3,"retryReasons":[],"startAt":1769912077075,"status":"passed","title":"initializes sampling state and returns no sample"},{"ancestorTitles":["active-run-rps.logic"],"duration":1,"failing":false,"failureDetails":[],"failureMessages":[],"fullName":"active-run-rps.logic does not update state when dt is below threshold","invocations":1,"location":null,"numPassingAsserts":2,"retryReasons":[],"startAt":1769912077076,"status":"passed","title":"does not update state when dt is below threshold"},{"ancestorTitles":["active-run-rps.logic"],"duration":0,"failing":false,"failureDetails":[],"failureMessages":[],"fullName":"active-run-rps.logic samples rps and clamps negative deltas","invocations":1,"location":null,"numPassingAsserts":2,"retryReasons":[],"startAt":1769912077077,"status":"passed","title":"samples rps and clamps negative deltas"},{"ancestorTitles":["active-run-rps.logic"],"duration":1,"failing":false,"failureDetails":[],"failureMessages":[],"fullName":"active-run-rps.logic applies exponential smoothing when prior smoothed exists","invocations":1,"location":null,"numPassingAsserts":2,"retryReasons":[],"startAt":1769912077077,"status":"passed","title":"applies exponential smoothing when prior smoothed exists"}],"endTime":1769912077078,"message":"","name":"/Users/portablesheep/repos/RawRequest/frontend/src/app/logic/active-run/active-run-rps.logic.spec.ts","startTime":1769912076994,"status":"passed","summary":""},{"assertionResults":[{"ancestorTitles":["split-layout"],"duration":1,"failing":false,"failureDetails":[],"failureMessages":[],"fullName":"split-layout computes grid template columns string","invocations":1,"location":null,"numPassingAsserts":1,"retryReasons":[],"startAt":1769912077164,"status":"passed","title":"computes grid template columns string"},{"ancestorTitles":["split-layout"],"duration":1,"failing":false,"failureDetails":[],"failureMessages":[],"fullName":"split-layout clamps left width to min/max based on container","invocations":1,"location":null,"numPassingAsserts":3,"retryReasons":[],"startAt":1769912077165,"status":"passed","title":"clamps left width to min/max based on container"},{"ancestorTitles":["split-layout"],"duration":3,"failing":false,"failureDetails":[],"failureMessages":[],"fullName":"split-layout computes drag width with clamping and rounding","invocations":1,"location":null,"numPassingAsserts":3,"retryReasons":[],"startAt":1769912077166,"status":"passed","title":"computes drag width with clamping and rounding"}],"endTime":1769912077170,"message":"","name":"/Users/portablesheep/repos/RawRequest/frontend/src/app/utils/split-layout.spec.ts","startTime":1769912077085,"status":"passed","summary":""},{"assertionResults":[{"ancestorTitles":["workspace-facade helpers"],"duration":4,"failing":false,"failureDetails":[],"failureMessages":[],"fullName":"workspace-facade helpers createNewUntitledTab uses provided tab number","invocations":1,"location":null,"numPassingAsserts":2,"retryReasons":[],"startAt":1769912077252,"status":"passed","title":"createNewUntitledTab uses provided tab number"},{"ancestorTitles":["workspace-facade helpers"],"duration":1,"failing":false,"failureDetails":[],"failureMessages":[],"fullName":"workspace-facade helpers deriveNextCurrentIndexAfterClose clamps and shifts","invocations":1,"location":null,"numPassingAsserts":3,"retryReasons":[],"startAt":1769912077256,"status":"passed","title":"deriveNextCurrentIndexAfterClose clamps and shifts"},{"ancestorTitles":["workspace-facade helpers"],"duration":0,"failing":false,"failureDetails":[],"failureMessages":[],"fullName":"workspace-facade helpers computeSelectedEnvAfterParse keeps when valid, otherwise picks first","invocations":1,"location":null,"numPassingAsserts":4,"retryReasons":[],"startAt":1769912077257,"status":"passed","title":"computeSelectedEnvAfterParse keeps when valid, otherwise picks first"},{"ancestorTitles":["workspace-facade helpers"],"duration":1,"failing":false,"failureDetails":[],"failureMessages":[],"fullName":"workspace-facade helpers reorderTabsPure keeps active tab selected by id","invocations":1,"location":null,"numPassingAsserts":3,"retryReasons":[],"startAt":1769912077257,"status":"passed","title":"reorderTabsPure keeps active tab selected by id"}],"endTime":1769912077258,"message":"","name":"/Users/portablesheep/repos/RawRequest/frontend/src/app/services/workspace-facade/workspace-facade.helpers.spec.ts","startTime":1769912077174,"status":"passed","summary":""},{"assertionResults":[{"ancestorTitles":["script-utils"],"duration":1,"failing":false,"failureDetails":[],"failureMessages":[],"fullName":"script-utils ensures request and headers exist","invocations":1,"location":null,"numPassingAsserts":3,"retryReasons":[],"startAt":1769912077345,"status":"passed","title":"ensures request and headers exist"},{"ancestorTitles":["script-utils"],"duration":1,"failing":false,"failureDetails":[],"failureMessages":[],"fullName":"script-utils builds script source label","invocations":1,"location":null,"numPassingAsserts":5,"retryReasons":[],"startAt":1769912077346,"status":"passed","title":"builds script source label"},{"ancestorTitles":["script-utils"],"duration":1,"failing":false,"failureDetails":[],"failureMessages":[],"fullName":"script-utils builds console message from args","invocations":1,"location":null,"numPassingAsserts":3,"retryReasons":[],"startAt":1769912077347,"status":"passed","title":"builds console message from args"}],"endTime":1769912077348,"message":"","name":"/Users/portablesheep/repos/RawRequest/frontend/src/app/services/http/script-utils.spec.ts","startTime":1769912077263,"status":"passed","summary":""},{"assertionResults":[{"ancestorTitles":["file-tabs-storage"],"duration":1,"failing":false,"failureDetails":[],"failureMessages":[],"fullName":"file-tabs-storage loads empty array when missing","invocations":1,"location":null,"numPassingAsserts":1,"retryReasons":[],"startAt":1769912077433,"status":"passed","title":"loads empty array when missing"},{"ancestorTitles":["file-tabs-storage"],"duration":0,"failing":false,"failureDetails":[],"failureMessages":[],"fullName":"file-tabs-storage roundtrips via JSON","invocations":1,"location":null,"numPassingAsserts":2,"retryReasons":[],"startAt":1769912077435,"status":"passed","title":"roundtrips via JSON"},{"ancestorTitles":["file-tabs-storage"],"duration":1,"failing":false,"failureDetails":[],"failureMessages":[],"fullName":"file-tabs-storage swallows JSON parse errors and logs","invocations":1,"location":null,"numPassingAsserts":2,"retryReasons":[],"startAt":1769912077435,"status":"passed","title":"swallows JSON parse errors and logs"}],"endTime":1769912077436,"message":"","name":"/Users/portablesheep/repos/RawRequest/frontend/src/app/services/http/file-tabs-storage.spec.ts","startTime":1769912077352,"status":"passed","summary":""},{"assertionResults":[{"ancestorTitles":["chain-response-parser"],"duration":1,"failing":false,"failureDetails":[],"failureMessages":[],"fullName":"chain-response-parser parses concatenated responses and attaches previews by index","invocations":1,"location":null,"numPassingAsserts":5,"retryReasons":[],"startAt":1769912077522,"status":"passed","title":"parses concatenated responses and attaches previews by index"},{"ancestorTitles":["chain-response-parser"],"duration":4,"failing":false,"failureDetails":[],"failureMessages":[],"fullName":"chain-response-parser creates a fallback Parse Error response when parsing throws","invocations":1,"location":null,"numPassingAsserts":4,"retryReasons":[],"startAt":1769912077524,"status":"passed","title":"creates a fallback Parse Error response when parsing throws"},{"ancestorTitles":["chain-response-parser"],"duration":1,"failing":false,"failureDetails":[],"failureMessages":[],"fullName":"chain-response-parser does not overwrite a response-provided requestPreview","invocations":1,"location":null,"numPassingAsserts":3,"retryReasons":[],"startAt":1769912077528,"status":"passed","title":"does not overwrite a response-provided requestPreview"}],"endTime":1769912077529,"message":"","name":"/Users/portablesheep/repos/RawRequest/frontend/src/app/services/http/chain-response-parser.spec.ts","startTime":1769912077444,"status":"passed","summary":""},{"assertionResults":[{"ancestorTitles":["request-queue.logic"],"duration":5,"failing":false,"failureDetails":[],"failureMessages":[],"fullName":"request-queue.logic does nothing when a request is running","invocations":1,"location":null,"numPassingAsserts":1,"retryReasons":[],"startAt":1769912077613,"status":"passed","title":"does nothing when a request is running"},{"ancestorTitles":["request-queue.logic"],"duration":1,"failing":false,"failureDetails":[],"failureMessages":[],"fullName":"request-queue.logic does nothing when there is no queued index","invocations":1,"location":null,"numPassingAsserts":1,"retryReasons":[],"startAt":1769912077618,"status":"passed","title":"does nothing when there is no queued index"},{"ancestorTitles":["request-queue.logic"],"duration":0,"failing":false,"failureDetails":[],"failureMessages":[],"fullName":"request-queue.logic consumes queued index when idle","invocations":1,"location":null,"numPassingAsserts":1,"retryReasons":[],"startAt":1769912077619,"status":"passed","title":"consumes queued index when idle"}],"endTime":1769912077620,"message":"","name":"/Users/portablesheep/repos/RawRequest/frontend/src/app/logic/request/request-queue.logic.spec.ts","startTime":1769912077533,"status":"passed","summary":""},{"assertionResults":[{"ancestorTitles":["split-pane-persistence.logic"],"duration":1,"failing":false,"failureDetails":[],"failureMessages":[],"fullName":"split-pane-persistence.logic reads split width using parseSplitWidthPx rules","invocations":1,"location":null,"numPassingAsserts":1,"retryReasons":[],"startAt":1769912077727,"status":"passed","title":"reads split width using parseSplitWidthPx rules"},{"ancestorTitles":["split-pane-persistence.logic"],"duration":1,"failing":false,"failureDetails":[],"failureMessages":[],"fullName":"split-pane-persistence.logic returns null when storage.getItem throws","invocations":1,"location":null,"numPassingAsserts":1,"retryReasons":[],"startAt":1769912077729,"status":"passed","title":"returns null when storage.getItem throws"},{"ancestorTitles":["split-pane-persistence.logic"],"duration":1,"failing":false,"failureDetails":[],"failureMessages":[],"fullName":"split-pane-persistence.logic writes width as string, swallowing storage errors","invocations":1,"location":null,"numPassingAsserts":2,"retryReasons":[],"startAt":1769912077730,"status":"passed","title":"writes width as string, swallowing storage errors"}],"endTime":1769912077732,"message":"","name":"/Users/portablesheep/repos/RawRequest/frontend/src/app/logic/layout/split-pane-persistence.logic.spec.ts","startTime":1769912077624,"status":"passed","summary":""},{"assertionResults":[{"ancestorTitles":["history-load.logic"],"duration":0,"failing":false,"failureDetails":[],"failureMessages":[],"fullName":"history-load.logic returns empty history when no active file","invocations":1,"location":null,"numPassingAsserts":1,"retryReasons":[],"startAt":1769912077835,"status":"passed","title":"returns empty history when no active file"},{"ancestorTitles":["history-load.logic"],"duration":0,"failing":false,"failureDetails":[],"failureMessages":[],"fullName":"history-load.logic uses cached history when present","invocations":1,"location":null,"numPassingAsserts":1,"retryReasons":[],"startAt":1769912077836,"status":"passed","title":"uses cached history when present"},{"ancestorTitles":["history-load.logic"],"duration":0,"failing":false,"failureDetails":[],"failureMessages":[],"fullName":"history-load.logic clears and triggers load when no cached history","invocations":1,"location":null,"numPassingAsserts":2,"retryReasons":[],"startAt":1769912077837,"status":"passed","title":"clears and triggers load when no cached history"}],"endTime":1769912077838,"message":"","name":"/Users/portablesheep/repos/RawRequest/frontend/src/app/logic/history/history-load.logic.spec.ts","startTime":1769912077751,"status":"passed","summary":""},{"assertionResults":[{"ancestorTitles":["history-sync.logic"],"duration":1,"failing":false,"failureDetails":[],"failureMessages":[],"fullName":"history-sync.logic returns empty history when no active file","invocations":1,"location":null,"numPassingAsserts":1,"retryReasons":[],"startAt":1769912077924,"status":"passed","title":"returns empty history when no active file"},{"ancestorTitles":["history-sync.logic"],"duration":1,"failing":false,"failureDetails":[],"failureMessages":[],"fullName":"history-sync.logic uses cached history when present and does not load","invocations":1,"location":null,"numPassingAsserts":4,"retryReasons":[],"startAt":1769912077925,"status":"passed","title":"uses cached history when present and does not load"},{"ancestorTitles":["history-sync.logic"],"duration":1,"failing":false,"failureDetails":[],"failureMessages":[],"fullName":"history-sync.logic returns load instruction when no cached history","invocations":1,"location":null,"numPassingAsserts":1,"retryReasons":[],"startAt":1769912077929,"status":"passed","title":"returns load instruction when no cached history"}],"endTime":1769912077930,"message":"","name":"/Users/portablesheep/repos/RawRequest/frontend/src/app/logic/app/history-sync.logic.spec.ts","startTime":1769912077846,"status":"passed","summary":""},{"assertionResults":[{"ancestorTitles":["history-storage"],"duration":4,"failing":false,"failureDetails":[],"failureMessages":[],"fullName":"history-storage loads history and converts timestamps to Date","invocations":1,"location":null,"numPassingAsserts":2,"retryReasons":[],"startAt":1769912078012,"status":"passed","title":"loads history and converts timestamps to Date"},{"ancestorTitles":["history-storage"],"duration":0,"failing":false,"failureDetails":[],"failureMessages":[],"fullName":"history-storage addToHistory saves response file and reloads history","invocations":1,"location":null,"numPassingAsserts":3,"retryReasons":[],"startAt":1769912078017,"status":"passed","title":"addToHistory saves response file and reloads history"},{"ancestorTitles":["history-storage"],"duration":0,"failing":false,"failureDetails":[],"failureMessages":[],"fullName":"history-storage addToHistory with filePath saves response and uses dir-based history","invocations":1,"location":null,"numPassingAsserts":3,"retryReasons":[],"startAt":1769912078018,"status":"passed","title":"addToHistory with filePath saves response and uses dir-based history"}],"endTime":1769912078019,"message":"","name":"/Users/portablesheep/repos/RawRequest/frontend/src/app/services/http/history-storage.spec.ts","startTime":1769912077935,"status":"passed","summary":""},{"assertionResults":[{"ancestorTitles":["pending-request-reset.logic"],"duration":1,"failing":false,"failureDetails":[],"failureMessages":[],"fullName":"pending-request-reset.logic buildPendingRequestResetPatch clears pending/active request state","invocations":1,"location":null,"numPassingAsserts":9,"retryReasons":[],"startAt":1769912078103,"status":"passed","title":"buildPendingRequestResetPatch clears pending/active request state"}],"endTime":1769912078105,"message":"","name":"/Users/portablesheep/repos/RawRequest/frontend/src/app/logic/request/pending-request-reset.logic.spec.ts","startTime":1769912078023,"status":"passed","summary":""},{"assertionResults":[{"ancestorTitles":["last-session utils"],"duration":1,"failing":false,"failureDetails":[],"failureMessages":[],"fullName":"last-session utils builds session state from active file","invocations":1,"location":null,"numPassingAsserts":3,"retryReasons":[],"startAt":1769912078191,"status":"passed","title":"builds session state from active file"},{"ancestorTitles":["last-session utils"],"duration":0,"failing":false,"failureDetails":[],"failureMessages":[],"fullName":"last-session utils finds by id first, then name","invocations":1,"location":null,"numPassingAsserts":3,"retryReasons":[],"startAt":1769912078193,"status":"passed","title":"finds by id first, then name"}],"endTime":1769912078194,"message":"","name":"/Users/portablesheep/repos/RawRequest/frontend/src/app/utils/last-session.spec.ts","startTime":1769912078109,"status":"passed","summary":""}],"wasInterrupted":false}
