{"numFailedTestSuites":0,"numFailedTests":0,"numPassedTestSuites":1,"numPassedTests":4,"numPendingTestSuites":0,"numPendingTests":0,"numRuntimeErrorTestSuites":0,"numTodoTests":0,"numTotalTestSuites":1,"numTotalTests":4,"openHandles":[],"snapshot":{"added":0,"didUpdate":false,"failure":false,"filesAdded":0,"filesRemoved":0,"filesRemovedList":[],"filesUnmatched":0,"filesUpdated":0,"matched":0,"total":0,"unchecked":0,"uncheckedKeysByFile":[],"unmatched":0,"updated":0},"startTime":1766690491118,"success":true,"testResults":[{"assertionResults":[{"ancestorTitles":["active-run-rps.logic"],"duration":2,"failing":false,"failureDetails":[],"failureMessages":[],"fullName":"active-run-rps.logic initializes sampling state and returns no sample","invocations":1,"location":null,"numPassingAsserts":3,"retryReasons":[],"startAt":1766690492486,"status":"passed","title":"initializes sampling state and returns no sample"},{"ancestorTitles":["active-run-rps.logic"],"duration":1,"failing":false,"failureDetails":[],"failureMessages":[],"fullName":"active-run-rps.logic does not update state when dt is below threshold","invocations":1,"location":null,"numPassingAsserts":2,"retryReasons":[],"startAt":1766690492489,"status":"passed","title":"does not update state when dt is below threshold"},{"ancestorTitles":["active-run-rps.logic"],"duration":0,"failing":false,"failureDetails":[],"failureMessages":[],"fullName":"active-run-rps.logic samples rps and clamps negative deltas","invocations":1,"location":null,"numPassingAsserts":2,"retryReasons":[],"startAt":1766690492490,"status":"passed","title":"samples rps and clamps negative deltas"},{"ancestorTitles":["active-run-rps.logic"],"duration":1,"failing":false,"failureDetails":[],"failureMessages":[],"fullName":"active-run-rps.logic applies exponential smoothing when prior smoothed exists","invocations":1,"location":null,"numPassingAsserts":2,"retryReasons":[],"startAt":1766690492490,"status":"passed","title":"applies exponential smoothing when prior smoothed exists"}],"endTime":1766690492492,"message":"","name":"/Users/portablesheep/repos/RawRequest/frontend/src/app/active-run-rps.logic.spec.ts","startTime":1766690491556,"status":"passed","summary":""}],"wasInterrupted":false}
