{"numFailedTestSuites":0,"numFailedTests":0,"numPassedTestSuites":55,"numPassedTests":276,"numPendingTestSuites":0,"numPendingTests":0,"numRuntimeErrorTestSuites":0,"numTodoTests":0,"numTotalTestSuites":55,"numTotalTests":276,"openHandles":[],"snapshot":{"added":0,"didUpdate":false,"failure":false,"filesAdded":0,"filesRemoved":0,"filesRemovedList":[],"filesUnmatched":0,"filesUpdated":0,"matched":0,"total":0,"unchecked":0,"uncheckedKeysByFile":[],"unmatched":0,"updated":0},"startTime":1769484561649,"success":true,"testResults":[{"assertionResults":[{"ancestorTitles":["AppComponent"],"duration":306,"failing":false,"failureDetails":[],"failureMessages":[],"fullName":"AppComponent should render","invocations":1,"location":null,"numPassingAsserts":1,"retryReasons":[],"startAt":1769484562555,"status":"passed","title":"should render"}],"endTime":1769484562862,"message":"","name":"/Users/portablesheep/repos/RawRequest/frontend/src/app/app.component.spec.ts","startTime":1769484562095,"status":"passed","summary":""},{"assertionResults":[{"ancestorTitles":["VirtualResponseBodyComponent"],"duration":20,"failing":false,"failureDetails":[],"failureMessages":[],"fullName":"VirtualResponseBodyComponent should create","invocations":1,"location":null,"numPassingAsserts":1,"retryReasons":[],"startAt":1769484562986,"status":"passed","title":"should create"},{"ancestorTitles":["VirtualResponseBodyComponent"],"duration":8,"failing":false,"failureDetails":[],"failureMessages":[],"fullName":"VirtualResponseBodyComponent should handle empty body","invocations":1,"location":null,"numPassingAsserts":1,"retryReasons":[],"startAt":1769484563006,"status":"passed","title":"should handle empty body"},{"ancestorTitles":["VirtualResponseBodyComponent"],"duration":8,"failing":false,"failureDetails":[],"failureMessages":[],"fullName":"VirtualResponseBodyComponent should split body into lines","invocations":1,"location":null,"numPassingAsserts":7,"retryReasons":[],"startAt":1769484563014,"status":"passed","title":"should split body into lines"},{"ancestorTitles":["VirtualResponseBodyComponent"],"duration":222,"failing":false,"failureDetails":[],"failureMessages":[],"fullName":"VirtualResponseBodyComponent should apply syntax highlighting asynchronously for JSON","invocations":1,"location":null,"numPassingAsserts":5,"retryReasons":[],"startAt":1769484563022,"status":"passed","title":"should apply syntax highlighting asynchronously for JSON"},{"ancestorTitles":["VirtualResponseBodyComponent"],"duration":11,"failing":false,"failureDetails":[],"failureMessages":[],"fullName":"VirtualResponseBodyComponent should display plain text immediately before highlighting completes","invocations":1,"location":null,"numPassingAsserts":2,"retryReasons":[],"startAt":1769484563245,"status":"passed","title":"should display plain text immediately before highlighting completes"},{"ancestorTitles":["VirtualResponseBodyComponent"],"duration":9,"failing":false,"failureDetails":[],"failureMessages":[],"fullName":"VirtualResponseBodyComponent should handle large bodies efficiently","invocations":1,"location":null,"numPassingAsserts":3,"retryReasons":[],"startAt":1769484563256,"status":"passed","title":"should handle large bodies efficiently"},{"ancestorTitles":["VirtualResponseBodyComponent"],"duration":8,"failing":false,"failureDetails":[],"failureMessages":[],"fullName":"VirtualResponseBodyComponent should have trackByLineNumber function","invocations":1,"location":null,"numPassingAsserts":1,"retryReasons":[],"startAt":1769484563265,"status":"passed","title":"should have trackByLineNumber function"}],"endTime":1769484563274,"message":"","name":"/Users/portablesheep/repos/RawRequest/frontend/src/app/components/virtual-response-body/virtual-response-body.component.spec.ts","startTime":1769484562871,"status":"passed","summary":""},{"assertionResults":[{"ancestorTitles":["active-run-sparkline.logic","tickScrollingSparkline"],"duration":1,"failing":false,"failureDetails":[],"failureMessages":[],"fullName":"active-run-sparkline.logic tickScrollingSparkline initializes series to maxPoints and produces empty transform at phase 0","invocations":1,"location":null,"numPassingAsserts":5,"retryReasons":[],"startAt":1769484563359,"status":"passed","title":"initializes series to maxPoints and produces empty transform at phase 0"},{"ancestorTitles":["active-run-sparkline.logic","tickScrollingSparkline"],"duration":1,"failing":false,"failureDetails":[],"failureMessages":[],"fullName":"active-run-sparkline.logic tickScrollingSparkline advances series when scrollPhase crosses 1 and preserves fractional remainder","invocations":1,"location":null,"numPassingAsserts":5,"retryReasons":[],"startAt":1769484563360,"status":"passed","title":"advances series when scrollPhase crosses 1 and preserves fractional remainder"},{"ancestorTitles":["active-run-sparkline.logic","tickScrollingSparkline"],"duration":0,"failing":false,"failureDetails":[],"failureMessages":[],"fullName":"active-run-sparkline.logic tickScrollingSparkline pads/trims series to match maxPoints","invocations":1,"location":null,"numPassingAsserts":2,"retryReasons":[],"startAt":1769484563361,"status":"passed","title":"pads/trims series to match maxPoints"},{"ancestorTitles":["active-run-sparkline.logic","smoothTowards"],"duration":1,"failing":false,"failureDetails":[],"failureMessages":[],"fullName":"active-run-sparkline.logic smoothTowards returns target immediately when current is null","invocations":1,"location":null,"numPassingAsserts":1,"retryReasons":[],"startAt":1769484563361,"status":"passed","title":"returns target immediately when current is null"},{"ancestorTitles":["active-run-sparkline.logic","smoothTowards"],"duration":0,"failing":false,"failureDetails":[],"failureMessages":[],"fullName":"active-run-sparkline.logic smoothTowards no-ops when target is null","invocations":1,"location":null,"numPassingAsserts":1,"retryReasons":[],"startAt":1769484563362,"status":"passed","title":"no-ops when target is null"},{"ancestorTitles":["active-run-sparkline.logic","smoothTowards"],"duration":0,"failing":false,"failureDetails":[],"failureMessages":[],"fullName":"active-run-sparkline.logic smoothTowards moves current toward target with stable factor","invocations":1,"location":null,"numPassingAsserts":1,"retryReasons":[],"startAt":1769484563362,"status":"passed","title":"moves current toward target with stable factor"},{"ancestorTitles":["active-run-sparkline.logic","sparkline path/points builders"],"duration":0,"failing":false,"failureDetails":[],"failureMessages":[],"fullName":"active-run-sparkline.logic sparkline path/points builders buildUsersSparklinePoints formats expected x/y using local max denom","invocations":1,"location":null,"numPassingAsserts":1,"retryReasons":[],"startAt":1769484563362,"status":"passed","title":"buildUsersSparklinePoints formats expected x/y using local max denom"},{"ancestorTitles":["active-run-sparkline.logic","sparkline path/points builders"],"duration":1,"failing":false,"failureDetails":[],"failureMessages":[],"fullName":"active-run-sparkline.logic sparkline path/points builders buildUsersSparklinePoints uses maxUsers as denom cap when provided","invocations":1,"location":null,"numPassingAsserts":1,"retryReasons":[],"startAt":1769484563362,"status":"passed","title":"buildUsersSparklinePoints uses maxUsers as denom cap when provided"},{"ancestorTitles":["active-run-sparkline.logic","sparkline path/points builders"],"duration":0,"failing":false,"failureDetails":[],"failureMessages":[],"fullName":"active-run-sparkline.logic sparkline path/points builders buildUsersSparklinePathD includes extra tail points only when nextValue is provided","invocations":1,"location":null,"numPassingAsserts":3,"retryReasons":[],"startAt":1769484563363,"status":"passed","title":"buildUsersSparklinePathD includes extra tail points only when nextValue is provided"},{"ancestorTitles":["active-run-sparkline.logic","sparkline path/points builders"],"duration":1,"failing":false,"failureDetails":[],"failureMessages":[],"fullName":"active-run-sparkline.logic sparkline path/points builders buildScrollingUsersSparklinePathD interpolates the x=100 point based on phase","invocations":1,"location":null,"numPassingAsserts":2,"retryReasons":[],"startAt":1769484563363,"status":"passed","title":"buildScrollingUsersSparklinePathD interpolates the x=100 point based on phase"},{"ancestorTitles":["active-run-sparkline.logic","sparkline path/points builders"],"duration":0,"failing":false,"failureDetails":[],"failureMessages":[],"fullName":"active-run-sparkline.logic sparkline path/points builders buildRpsSparklinePoints uses 1024-free linear scaling and includes x=100 only when nextValue provided","invocations":1,"location":null,"numPassingAsserts":2,"retryReasons":[],"startAt":1769484563364,"status":"passed","title":"buildRpsSparklinePoints uses 1024-free linear scaling and includes x=100 only when nextValue provided"},{"ancestorTitles":["active-run-sparkline.logic","sparkline path/points builders"],"duration":0,"failing":false,"failureDetails":[],"failureMessages":[],"fullName":"active-run-sparkline.logic sparkline path/points builders buildRpsSparklinePathD always includes a tail point beyond x=100","invocations":1,"location":null,"numPassingAsserts":2,"retryReasons":[],"startAt":1769484563364,"status":"passed","title":"buildRpsSparklinePathD always includes a tail point beyond x=100"},{"ancestorTitles":["active-run-sparkline.logic","sparkline path/points builders"],"duration":1,"failing":false,"failureDetails":[],"failureMessages":[],"fullName":"active-run-sparkline.logic sparkline path/points builders buildScrollingRpsSparklinePathD interpolates the x=100 point based on phase","invocations":1,"location":null,"numPassingAsserts":2,"retryReasons":[],"startAt":1769484563364,"status":"passed","title":"buildScrollingRpsSparklinePathD interpolates the x=100 point based on phase"},{"ancestorTitles":["active-run-sparkline.logic","queue ramping helpers"],"duration":0,"failing":false,"failureDetails":[],"failureMessages":[],"fullName":"active-run-sparkline.logic queue ramping helpers pushUsersSampleToQueue truncates and clamps negatives","invocations":1,"location":null,"numPassingAsserts":3,"retryReasons":[],"startAt":1769484563365,"status":"passed","title":"pushUsersSampleToQueue truncates and clamps negatives"},{"ancestorTitles":["active-run-sparkline.logic","queue ramping helpers"],"duration":0,"failing":false,"failureDetails":[],"failureMessages":[],"fullName":"active-run-sparkline.logic queue ramping helpers pushUsersSampleToQueue uses nextValue as current when queue is empty","invocations":1,"location":null,"numPassingAsserts":1,"retryReasons":[],"startAt":1769484563365,"status":"passed","title":"pushUsersSampleToQueue uses nextValue as current when queue is empty"},{"ancestorTitles":["active-run-sparkline.logic","queue ramping helpers"],"duration":1,"failing":false,"failureDetails":[],"failureMessages":[],"fullName":"active-run-sparkline.logic queue ramping helpers pushRpsSampleToQueue clamps NaN to 0 and trims maxQueue","invocations":1,"location":null,"numPassingAsserts":2,"retryReasons":[],"startAt":1769484563365,"status":"passed","title":"pushRpsSampleToQueue clamps NaN to 0 and trims maxQueue"},{"ancestorTitles":["active-run-sparkline.logic","tick*SparklineUi helpers"],"duration":0,"failing":false,"failureDetails":[],"failureMessages":[],"fullName":"active-run-sparkline.logic tick*SparklineUi helpers tickUsersSparklineUi preserves existing path when not advanced","invocations":1,"location":null,"numPassingAsserts":2,"retryReasons":[],"startAt":1769484563366,"status":"passed","title":"tickUsersSparklineUi preserves existing path when not advanced"},{"ancestorTitles":["active-run-sparkline.logic","tick*SparklineUi helpers"],"duration":0,"failing":false,"failureDetails":[],"failureMessages":[],"fullName":"active-run-sparkline.logic tick*SparklineUi helpers tickUsersSparklineUi rebuilds path when advanced","invocations":1,"location":null,"numPassingAsserts":3,"retryReasons":[],"startAt":1769484563366,"status":"passed","title":"tickUsersSparklineUi rebuilds path when advanced"},{"ancestorTitles":["active-run-sparkline.logic","tick*SparklineUi helpers"],"duration":0,"failing":false,"failureDetails":[],"failureMessages":[],"fullName":"active-run-sparkline.logic tick*SparklineUi helpers tickRpsSparklineUi rebuilds path when missing","invocations":1,"location":null,"numPassingAsserts":1,"retryReasons":[],"startAt":1769484563366,"status":"passed","title":"tickRpsSparklineUi rebuilds path when missing"}],"endTime":1769484563367,"message":"","name":"/Users/portablesheep/repos/RawRequest/frontend/src/app/logic/active-run/active-run-sparkline.logic.spec.ts","startTime":1769484563280,"status":"passed","summary":""},{"assertionResults":[{"ancestorTitles":["split-pane-persistence.logic"],"duration":0,"failing":false,"failureDetails":[],"failureMessages":[],"fullName":"split-pane-persistence.logic reads split width using parseSplitWidthPx rules","invocations":1,"location":null,"numPassingAsserts":1,"retryReasons":[],"startAt":1769484563448,"status":"passed","title":"reads split width using parseSplitWidthPx rules"},{"ancestorTitles":["split-pane-persistence.logic"],"duration":0,"failing":false,"failureDetails":[],"failureMessages":[],"fullName":"split-pane-persistence.logic returns null when storage.getItem throws","invocations":1,"location":null,"numPassingAsserts":1,"retryReasons":[],"startAt":1769484563449,"status":"passed","title":"returns null when storage.getItem throws"},{"ancestorTitles":["split-pane-persistence.logic"],"duration":0,"failing":false,"failureDetails":[],"failureMessages":[],"fullName":"split-pane-persistence.logic writes width as string, swallowing storage errors","invocations":1,"location":null,"numPassingAsserts":2,"retryReasons":[],"startAt":1769484563449,"status":"passed","title":"writes width as string, swallowing storage errors"}],"endTime":1769484563450,"message":"","name":"/Users/portablesheep/repos/RawRequest/frontend/src/app/logic/layout/split-pane-persistence.logic.spec.ts","startTime":1769484563373,"status":"passed","summary":""},{"assertionResults":[{"ancestorTitles":["history-load.logic"],"duration":0,"failing":false,"failureDetails":[],"failureMessages":[],"fullName":"history-load.logic returns empty history when no active file","invocations":1,"location":null,"numPassingAsserts":1,"retryReasons":[],"startAt":1769484563530,"status":"passed","title":"returns empty history when no active file"},{"ancestorTitles":["history-load.logic"],"duration":1,"failing":false,"failureDetails":[],"failureMessages":[],"fullName":"history-load.logic uses cached history when present","invocations":1,"location":null,"numPassingAsserts":1,"retryReasons":[],"startAt":1769484563530,"status":"passed","title":"uses cached history when present"},{"ancestorTitles":["history-load.logic"],"duration":0,"failing":false,"failureDetails":[],"failureMessages":[],"fullName":"history-load.logic clears and triggers load when no cached history","invocations":1,"location":null,"numPassingAsserts":2,"retryReasons":[],"startAt":1769484563531,"status":"passed","title":"clears and triggers load when no cached history"}],"endTime":1769484563533,"message":"","name":"/Users/portablesheep/repos/RawRequest/frontend/src/app/logic/history/history-load.logic.spec.ts","startTime":1769484563456,"status":"passed","summary":""},{"assertionResults":[{"ancestorTitles":["SyntaxHighlightWorkerService"],"duration":2,"failing":false,"failureDetails":[],"failureMessages":[],"fullName":"SyntaxHighlightWorkerService should be created","invocations":1,"location":null,"numPassingAsserts":1,"retryReasons":[],"startAt":1769484563613,"status":"passed","title":"should be created"},{"ancestorTitles":["SyntaxHighlightWorkerService"],"duration":3,"failing":false,"failureDetails":[],"failureMessages":[],"fullName":"SyntaxHighlightWorkerService should return null for empty content","invocations":1,"location":null,"numPassingAsserts":1,"retryReasons":[],"startAt":1769484563615,"status":"passed","title":"should return null for empty content"},{"ancestorTitles":["SyntaxHighlightWorkerService"],"duration":2,"failing":false,"failureDetails":[],"failureMessages":[],"fullName":"SyntaxHighlightWorkerService should highlight JSON content with spans","invocations":1,"location":null,"numPassingAsserts":5,"retryReasons":[],"startAt":1769484563618,"status":"passed","title":"should highlight JSON content with spans"},{"ancestorTitles":["SyntaxHighlightWorkerService"],"duration":2,"failing":false,"failureDetails":[],"failureMessages":[],"fullName":"SyntaxHighlightWorkerService should cache results","invocations":1,"location":null,"numPassingAsserts":1,"retryReasons":[],"startAt":1769484563620,"status":"passed","title":"should cache results"},{"ancestorTitles":["SyntaxHighlightWorkerService"],"duration":1,"failing":false,"failureDetails":[],"failureMessages":[],"fullName":"SyntaxHighlightWorkerService should escape HTML in plain text content","invocations":1,"location":null,"numPassingAsserts":2,"retryReasons":[],"startAt":1769484563622,"status":"passed","title":"should escape HTML in plain text content"},{"ancestorTitles":["SyntaxHighlightWorkerService"],"duration":1,"failing":false,"failureDetails":[],"failureMessages":[],"fullName":"SyntaxHighlightWorkerService should report isLarge for content over threshold","invocations":1,"location":null,"numPassingAsserts":2,"retryReasons":[],"startAt":1769484563623,"status":"passed","title":"should report isLarge for content over threshold"},{"ancestorTitles":["SyntaxHighlightWorkerService"],"duration":2,"failing":false,"failureDetails":[],"failureMessages":[],"fullName":"SyntaxHighlightWorkerService should clear cache when requested","invocations":1,"location":null,"numPassingAsserts":2,"retryReasons":[],"startAt":1769484563624,"status":"passed","title":"should clear cache when requested"},{"ancestorTitles":["SyntaxHighlightWorkerService"],"duration":0,"failing":false,"failureDetails":[],"failureMessages":[],"fullName":"SyntaxHighlightWorkerService should count lines correctly","invocations":1,"location":null,"numPassingAsserts":1,"retryReasons":[],"startAt":1769484563627,"status":"passed","title":"should count lines correctly"},{"ancestorTitles":["SyntaxHighlightWorkerService"],"duration":1,"failing":false,"failureDetails":[],"failureMessages":[],"fullName":"SyntaxHighlightWorkerService should highlight XML content","invocations":1,"location":null,"numPassingAsserts":2,"retryReasons":[],"startAt":1769484563628,"status":"passed","title":"should highlight XML content"}],"endTime":1769484563629,"message":"","name":"/Users/portablesheep/repos/RawRequest/frontend/src/app/services/syntax-highlight-worker.service.spec.ts","startTime":1769484563538,"status":"passed","summary":""},{"assertionResults":[{"ancestorTitles":["active-run-rps-ui.logic"],"duration":1,"failing":false,"failureDetails":[],"failureMessages":[],"fullName":"active-run-rps-ui.logic does not change queue or render targets when no sample is produced","invocations":1,"location":null,"numPassingAsserts":5,"retryReasons":[],"startAt":1769484563724,"status":"passed","title":"does not change queue or render targets when no sample is produced"},{"ancestorTitles":["active-run-rps-ui.logic"],"duration":0,"failing":false,"failureDetails":[],"failureMessages":[],"fullName":"active-run-rps-ui.logic pushes queue and initializes render value when sample is produced","invocations":1,"location":null,"numPassingAsserts":3,"retryReasons":[],"startAt":1769484563725,"status":"passed","title":"pushes queue and initializes render value when sample is produced"},{"ancestorTitles":["active-run-rps-ui.logic"],"duration":0,"failing":false,"failureDetails":[],"failureMessages":[],"fullName":"active-run-rps-ui.logic does not overwrite render value once set","invocations":1,"location":null,"numPassingAsserts":2,"retryReasons":[],"startAt":1769484563725,"status":"passed","title":"does not overwrite render value once set"}],"endTime":1769484563726,"message":"","name":"/Users/portablesheep/repos/RawRequest/frontend/src/app/logic/active-run/active-run-rps-ui.logic.spec.ts","startTime":1769484563634,"status":"passed","summary":""},{"assertionResults":[{"ancestorTitles":["parser/parse-http-file"],"duration":1,"failing":false,"failureDetails":[],"failureMessages":[],"fullName":"parser/parse-http-file parses env vars, variables, tab name, requests, headers, and body","invocations":1,"location":null,"numPassingAsserts":8,"retryReasons":[],"startAt":1769484563805,"status":"passed","title":"parses env vars, variables, tab name, requests, headers, and body"},{"ancestorTitles":["parser/parse-http-file"],"duration":0,"failing":false,"failureDetails":[],"failureMessages":[],"fullName":"parser/parse-http-file parses env vars defined with equals sign","invocations":1,"location":null,"numPassingAsserts":3,"retryReasons":[],"startAt":1769484563807,"status":"passed","title":"parses env vars defined with equals sign"},{"ancestorTitles":["parser/parse-http-file"],"duration":0,"failing":false,"failureDetails":[],"failureMessages":[],"fullName":"parser/parse-http-file detects scripts only for < or > blocks with braces (avoids XML confusion)","invocations":1,"location":null,"numPassingAsserts":4,"retryReasons":[],"startAt":1769484563807,"status":"passed","title":"detects scripts only for < or > blocks with braces (avoids XML confusion)"},{"ancestorTitles":["parser/parse-http-file"],"duration":1,"failing":false,"failureDetails":[],"failureMessages":[],"fullName":"parser/parse-http-file collects groups from ### group: meta ###","invocations":1,"location":null,"numPassingAsserts":2,"retryReasons":[],"startAt":1769484563807,"status":"passed","title":"collects groups from ### group: meta ###"},{"ancestorTitles":["parser/parse-http-file"],"duration":0,"failing":false,"failureDetails":[],"failureMessages":[],"fullName":"parser/parse-http-file does not treat a second method line as a new request without a separator","invocations":1,"location":null,"numPassingAsserts":2,"retryReasons":[],"startAt":1769484563808,"status":"passed","title":"does not treat a second method line as a new request without a separator"},{"ancestorTitles":["parser/parse-http-file"],"duration":0,"failing":false,"failureDetails":[],"failureMessages":[],"fullName":"parser/parse-http-file allows multiple requests when separated by a real separator line","invocations":1,"location":null,"numPassingAsserts":3,"retryReasons":[],"startAt":1769484563808,"status":"passed","title":"allows multiple requests when separated by a real separator line"}],"endTime":1769484563809,"message":"","name":"/Users/portablesheep/repos/RawRequest/frontend/src/app/services/parser/parse-http-file.spec.ts","startTime":1769484563731,"status":"passed","summary":""},{"assertionResults":[{"ancestorTitles":["load-test-backend"],"duration":3,"failing":false,"failureDetails":[],"failureMessages":[],"fullName":"load-test-backend wires events, forwards progress, and resolves on done","invocations":1,"location":null,"numPassingAsserts":11,"retryReasons":[],"startAt":1769484563894,"status":"passed","title":"wires events, forwards progress, and resolves on done"},{"ancestorTitles":["load-test-backend"],"duration":4,"failing":false,"failureDetails":[],"failureMessages":[],"fullName":"load-test-backend rejects on loadtest:error and cleans up","invocations":1,"location":null,"numPassingAsserts":4,"retryReasons":[],"startAt":1769484563897,"status":"passed","title":"rejects on loadtest:error and cleans up"}],"endTime":1769484563901,"message":"","name":"/Users/portablesheep/repos/RawRequest/frontend/src/app/services/http/load-test-backend.spec.ts","startTime":1769484563818,"status":"passed","summary":""},{"assertionResults":[{"ancestorTitles":["app.component.logic"],"duration":1,"failing":false,"failureDetails":[],"failureMessages":[],"fullName":"app.component.logic formatClockMmSs formats mm:ss and clamps negatives","invocations":1,"location":null,"numPassingAsserts":6,"retryReasons":[],"startAt":1769484563982,"status":"passed","title":"formatClockMmSs formats mm:ss and clamps negatives"},{"ancestorTitles":["app.component.logic"],"duration":0,"failing":false,"failureDetails":[],"failureMessages":[],"fullName":"app.component.logic buildRequestLabel returns METHOD url trimmed","invocations":1,"location":null,"numPassingAsserts":1,"retryReasons":[],"startAt":1769484563983,"status":"passed","title":"buildRequestLabel returns METHOD url trimmed"},{"ancestorTitles":["app.component.logic"],"duration":1,"failing":false,"failureDetails":[],"failureMessages":[],"fullName":"app.component.logic buildRequestToken is deterministic for a given nowMs","invocations":1,"location":null,"numPassingAsserts":1,"retryReasons":[],"startAt":1769484563983,"status":"passed","title":"buildRequestToken is deterministic for a given nowMs"},{"ancestorTitles":["app.component.logic"],"duration":0,"failing":false,"failureDetails":[],"failureMessages":[],"fullName":"app.component.logic buildVaultFileName uses ISO timestamp with safe separators","invocations":1,"location":null,"numPassingAsserts":1,"retryReasons":[],"startAt":1769484563984,"status":"passed","title":"buildVaultFileName uses ISO timestamp with safe separators"},{"ancestorTitles":["app.component.logic"],"duration":0,"failing":false,"failureDetails":[],"failureMessages":[],"fullName":"app.component.logic normalizeEnvName trims and defaults to \"default\"","invocations":1,"location":null,"numPassingAsserts":4,"retryReasons":[],"startAt":1769484563984,"status":"passed","title":"normalizeEnvName trims and defaults to \"default\""},{"ancestorTitles":["app.component.logic"],"duration":1,"failing":false,"failureDetails":[],"failureMessages":[],"fullName":"app.component.logic secret/vault toast builders are deterministic","invocations":1,"location":null,"numPassingAsserts":3,"retryReasons":[],"startAt":1769484563984,"status":"passed","title":"secret/vault toast builders are deterministic"},{"ancestorTitles":["app.component.logic"],"duration":0,"failing":false,"failureDetails":[],"failureMessages":[],"fullName":"app.component.logic buildTrackedLogEntryId is deterministic","invocations":1,"location":null,"numPassingAsserts":1,"retryReasons":[],"startAt":1769484563985,"status":"passed","title":"buildTrackedLogEntryId is deterministic"},{"ancestorTitles":["app.component.logic"],"duration":0,"failing":false,"failureDetails":[],"failureMessages":[],"fullName":"app.component.logic buildLastResponseSummary returns null without a response","invocations":1,"location":null,"numPassingAsserts":2,"retryReasons":[],"startAt":1769484563985,"status":"passed","title":"buildLastResponseSummary returns null without a response"},{"ancestorTitles":["app.component.logic"],"duration":1,"failing":false,"failureDetails":[],"failureMessages":[],"fullName":"app.component.logic buildLastResponseSummary formats status and time","invocations":1,"location":null,"numPassingAsserts":1,"retryReasons":[],"startAt":1769484563985,"status":"passed","title":"buildLastResponseSummary formats status and time"},{"ancestorTitles":["app.component.logic"],"duration":0,"failing":false,"failureDetails":[],"failureMessages":[],"fullName":"app.component.logic parseSplitWidthPx returns a positive integer or null","invocations":1,"location":null,"numPassingAsserts":6,"retryReasons":[],"startAt":1769484563986,"status":"passed","title":"parseSplitWidthPx returns a positive integer or null"},{"ancestorTitles":["app.component.logic"],"duration":0,"failing":false,"failureDetails":[],"failureMessages":[],"fullName":"app.component.logic buildActiveRequestPreview shows placeholder when missing request","invocations":1,"location":null,"numPassingAsserts":1,"retryReasons":[],"startAt":1769484563986,"status":"passed","title":"buildActiveRequestPreview shows placeholder when missing request"},{"ancestorTitles":["app.component.logic"],"duration":1,"failing":false,"failureDetails":[],"failureMessages":[],"fullName":"app.component.logic buildActiveRequestPreview includes body when present","invocations":1,"location":null,"numPassingAsserts":1,"retryReasons":[],"startAt":1769484563986,"status":"passed","title":"buildActiveRequestPreview includes body when present"},{"ancestorTitles":["app.component.logic"],"duration":2,"failing":false,"failureDetails":[],"failureMessages":[],"fullName":"app.component.logic buildActiveRequestMeta covers running request with timeout","invocations":1,"location":null,"numPassingAsserts":1,"retryReasons":[],"startAt":1769484563987,"status":"passed","title":"buildActiveRequestMeta covers running request with timeout"},{"ancestorTitles":["app.component.logic"],"duration":0,"failing":false,"failureDetails":[],"failureMessages":[],"fullName":"app.component.logic buildActiveRequestMeta covers running load test with planned duration","invocations":1,"location":null,"numPassingAsserts":1,"retryReasons":[],"startAt":1769484563989,"status":"passed","title":"buildActiveRequestMeta covers running load test with planned duration"},{"ancestorTitles":["app.component.logic"],"duration":0,"failing":false,"failureDetails":[],"failureMessages":[],"fullName":"app.component.logic decideFooterStatus uses summary tone rules","invocations":1,"location":null,"numPassingAsserts":2,"retryReasons":[],"startAt":1769484563989,"status":"passed","title":"decideFooterStatus uses summary tone rules"},{"ancestorTitles":["app.component.logic"],"duration":1,"failing":false,"failureDetails":[],"failureMessages":[],"fullName":"app.component.logic decideGlobalKeydownAction routes Cmd/Ctrl+S to save/saveAs","invocations":1,"location":null,"numPassingAsserts":2,"retryReasons":[],"startAt":1769484563989,"status":"passed","title":"decideGlobalKeydownAction routes Cmd/Ctrl+S to save/saveAs"},{"ancestorTitles":["app.component.logic"],"duration":0,"failing":false,"failureDetails":[],"failureMessages":[],"fullName":"app.component.logic findExistingOpenFileIndex finds by filePath or id","invocations":1,"location":null,"numPassingAsserts":4,"retryReasons":[],"startAt":1769484563990,"status":"passed","title":"findExistingOpenFileIndex finds by filePath or id"},{"ancestorTitles":["app.component.logic"],"duration":0,"failing":false,"failureDetails":[],"failureMessages":[],"fullName":"app.component.logic decideGlobalKeydownAction closes topmost overlays on Escape","invocations":1,"location":null,"numPassingAsserts":3,"retryReasons":[],"startAt":1769484563990,"status":"passed","title":"decideGlobalKeydownAction closes topmost overlays on Escape"},{"ancestorTitles":["app.component.logic"],"duration":0,"failing":false,"failureDetails":[],"failureMessages":[],"fullName":"app.component.logic decideGlobalKeydownAction cancels request on Escape when running","invocations":1,"location":null,"numPassingAsserts":2,"retryReasons":[],"startAt":1769484563990,"status":"passed","title":"decideGlobalKeydownAction cancels request on Escape when running"},{"ancestorTitles":["app.component.logic"],"duration":0,"failing":false,"failureDetails":[],"failureMessages":[],"fullName":"app.component.logic getRequestTimeoutMs returns positive timeout or null","invocations":1,"location":null,"numPassingAsserts":3,"retryReasons":[],"startAt":1769484563991,"status":"passed","title":"getRequestTimeoutMs returns positive timeout or null"}],"endTime":1769484563991,"message":"","name":"/Users/portablesheep/repos/RawRequest/frontend/src/app/logic/app/app.component.logic.spec.ts","startTime":1769484563907,"status":"passed","summary":""},{"assertionResults":[{"ancestorTitles":["editor.highlighter.logic","getJsDecorationsForSegment"],"duration":1,"failing":false,"failureDetails":[],"failureMessages":[],"fullName":"editor.highlighter.logic getJsDecorationsForSegment returns empty for whitespace-only segment","invocations":1,"location":null,"numPassingAsserts":1,"retryReasons":[],"startAt":1769484564072,"status":"passed","title":"returns empty for whitespace-only segment"},{"ancestorTitles":["editor.highlighter.logic","getJsDecorationsForSegment"],"duration":1,"failing":false,"failureDetails":[],"failureMessages":[],"fullName":"editor.highlighter.logic getJsDecorationsForSegment highlights comments and avoids overlapping helper highlights inside comments","invocations":1,"location":null,"numPassingAsserts":2,"retryReasons":[],"startAt":1769484564073,"status":"passed","title":"highlights comments and avoids overlapping helper highlights inside comments"},{"ancestorTitles":["editor.highlighter.logic","getJsDecorationsForSegment"],"duration":0,"failing":false,"failureDetails":[],"failureMessages":[],"fullName":"editor.highlighter.logic getJsDecorationsForSegment highlights strings and avoids keyword highlights inside strings","invocations":1,"location":null,"numPassingAsserts":3,"retryReasons":[],"startAt":1769484564074,"status":"passed","title":"highlights strings and avoids keyword highlights inside strings"},{"ancestorTitles":["editor.highlighter.logic","getJsDecorationsForSegment"],"duration":1,"failing":false,"failureDetails":[],"failureMessages":[],"fullName":"editor.highlighter.logic getJsDecorationsForSegment highlights function names but excludes keyword-like functions","invocations":1,"location":null,"numPassingAsserts":2,"retryReasons":[],"startAt":1769484564074,"status":"passed","title":"highlights function names but excludes keyword-like functions"},{"ancestorTitles":["editor.highlighter.logic","getJsDecorationsForSegment"],"duration":0,"failing":false,"failureDetails":[],"failureMessages":[],"fullName":"editor.highlighter.logic getJsDecorationsForSegment produces absolute ranges using lineFrom and startOffset","invocations":1,"location":null,"numPassingAsserts":2,"retryReasons":[],"startAt":1769484564075,"status":"passed","title":"produces absolute ranges using lineFrom and startOffset"},{"ancestorTitles":["editor.highlighter.logic","getLoadKeyDecorations"],"duration":0,"failing":false,"failureDetails":[],"failureMessages":[],"fullName":"editor.highlighter.logic getLoadKeyDecorations extracts key names from @load key=value pairs","invocations":1,"location":null,"numPassingAsserts":1,"retryReasons":[],"startAt":1769484564075,"status":"passed","title":"extracts key names from @load key=value pairs"},{"ancestorTitles":["editor.highlighter.logic","getLoadKeyDecorations"],"duration":0,"failing":false,"failureDetails":[],"failureMessages":[],"fullName":"editor.highlighter.logic getLoadKeyDecorations returns empty when keyword index is invalid","invocations":1,"location":null,"numPassingAsserts":1,"retryReasons":[],"startAt":1769484564075,"status":"passed","title":"returns empty when keyword index is invalid"},{"ancestorTitles":["editor.highlighter.logic","getNonScriptLineDecorations"],"duration":1,"failing":false,"failureDetails":[],"failureMessages":[],"fullName":"editor.highlighter.logic getNonScriptLineDecorations highlights method token for MethodLine","invocations":1,"location":null,"numPassingAsserts":2,"retryReasons":[],"startAt":1769484564075,"status":"passed","title":"highlights method token for MethodLine"},{"ancestorTitles":["editor.highlighter.logic","getNonScriptLineDecorations"],"duration":0,"failing":false,"failureDetails":[],"failureMessages":[],"fullName":"editor.highlighter.logic getNonScriptLineDecorations highlights header key for HeaderLine","invocations":1,"location":null,"numPassingAsserts":1,"retryReasons":[],"startAt":1769484564076,"status":"passed","title":"highlights header key for HeaderLine"},{"ancestorTitles":["editor.highlighter.logic","getNonScriptLineDecorations"],"duration":0,"failing":false,"failureDetails":[],"failureMessages":[],"fullName":"editor.highlighter.logic getNonScriptLineDecorations highlights @env.* tokens","invocations":1,"location":null,"numPassingAsserts":2,"retryReasons":[],"startAt":1769484564076,"status":"passed","title":"highlights @env.* tokens"},{"ancestorTitles":["editor.highlighter.logic","getNonScriptLineDecorations"],"duration":1,"failing":false,"failureDetails":[],"failureMessages":[],"fullName":"editor.highlighter.logic getNonScriptLineDecorations highlights @load annotation and load keys","invocations":1,"location":null,"numPassingAsserts":2,"retryReasons":[],"startAt":1769484564076,"status":"passed","title":"highlights @load annotation and load keys"},{"ancestorTitles":["editor.highlighter.logic","getNonScriptLineDecorations"],"duration":0,"failing":false,"failureDetails":[],"failureMessages":[],"fullName":"editor.highlighter.logic getNonScriptLineDecorations highlights global var declaration name","invocations":1,"location":null,"numPassingAsserts":2,"retryReasons":[],"startAt":1769484564077,"status":"passed","title":"highlights global var declaration name"},{"ancestorTitles":["editor.highlighter.logic","getNonScriptLineDecorations"],"duration":0,"failing":false,"failureDetails":[],"failureMessages":[],"fullName":"editor.highlighter.logic getNonScriptLineDecorations adds line decoration for SeparatorLine","invocations":1,"location":null,"numPassingAsserts":1,"retryReasons":[],"startAt":1769484564077,"status":"passed","title":"adds line decoration for SeparatorLine"},{"ancestorTitles":["editor.highlighter.logic","getNonScriptLineDecorations"],"duration":0,"failing":false,"failureDetails":[],"failureMessages":[],"fullName":"editor.highlighter.logic getNonScriptLineDecorations does not add separator decoration for hash-divider lines","invocations":1,"location":null,"numPassingAsserts":1,"retryReasons":[],"startAt":1769484564077,"status":"passed","title":"does not add separator decoration for hash-divider lines"},{"ancestorTitles":["editor.highlighter.logic","getNonScriptLineDecorations"],"duration":1,"failing":false,"failureDetails":[],"failureMessages":[],"fullName":"editor.highlighter.logic getNonScriptLineDecorations highlights @name value as cm-request-name","invocations":1,"location":null,"numPassingAsserts":1,"retryReasons":[],"startAt":1769484564077,"status":"passed","title":"highlights @name value as cm-request-name"},{"ancestorTitles":["editor.highlighter.logic","getNonScriptLineDecorations"],"duration":0,"failing":false,"failureDetails":[],"failureMessages":[],"fullName":"editor.highlighter.logic getNonScriptLineDecorations adds payload line decoration for BodyLine content","invocations":1,"location":null,"numPassingAsserts":1,"retryReasons":[],"startAt":1769484564078,"status":"passed","title":"adds payload line decoration for BodyLine content"},{"ancestorTitles":["editor.highlighter.logic","getNonScriptLineDecorations"],"duration":0,"failing":false,"failureDetails":[],"failureMessages":[],"fullName":"editor.highlighter.logic getNonScriptLineDecorations adds request-start line decoration only for request-start MethodLine","invocations":1,"location":null,"numPassingAsserts":1,"retryReasons":[],"startAt":1769484564078,"status":"passed","title":"adds request-start line decoration only for request-start MethodLine"},{"ancestorTitles":["editor.highlighter.logic","getNonScriptLineDecorations"],"duration":1,"failing":false,"failureDetails":[],"failureMessages":[],"fullName":"editor.highlighter.logic getNonScriptLineDecorations does not add request-start line decoration for non-start MethodLine","invocations":1,"location":null,"numPassingAsserts":1,"retryReasons":[],"startAt":1769484564078,"status":"passed","title":"does not add request-start line decoration for non-start MethodLine"},{"ancestorTitles":["editor.highlighter.logic","getNonScriptLineDecorations"],"duration":0,"failing":false,"failureDetails":[],"failureMessages":[],"fullName":"editor.highlighter.logic getNonScriptLineDecorations adds lightweight JSON highlighting for JSON-ish BodyLine","invocations":1,"location":null,"numPassingAsserts":4,"retryReasons":[],"startAt":1769484564079,"status":"passed","title":"adds lightweight JSON highlighting for JSON-ish BodyLine"}],"endTime":1769484564079,"message":"","name":"/Users/portablesheep/repos/RawRequest/frontend/src/app/components/editor/editor.highlighter.logic.spec.ts","startTime":1769484563996,"status":"passed","summary":""},{"assertionResults":[{"ancestorTitles":["request-manager.logic"],"duration":1,"failing":false,"failureDetails":[],"failureMessages":[],"fullName":"request-manager.logic shouldSkipDuplicateExecution only skips same index while executing","invocations":1,"location":null,"numPassingAsserts":3,"retryReasons":[],"startAt":1769484564157,"status":"passed","title":"shouldSkipDuplicateExecution only skips same index while executing"},{"ancestorTitles":["request-manager.logic"],"duration":0,"failing":false,"failureDetails":[],"failureMessages":[],"fullName":"request-manager.logic buildRequestId is stable with explicit nowMs","invocations":1,"location":null,"numPassingAsserts":1,"retryReasons":[],"startAt":1769484564158,"status":"passed","title":"buildRequestId is stable with explicit nowMs"},{"ancestorTitles":["request-manager.logic"],"duration":0,"failing":false,"failureDetails":[],"failureMessages":[],"fullName":"request-manager.logic applyResponseDataForRequest copies the files array and sets responseData","invocations":1,"location":null,"numPassingAsserts":2,"retryReasons":[],"startAt":1769484564158,"status":"passed","title":"applyResponseDataForRequest copies the files array and sets responseData"},{"ancestorTitles":["request-manager.logic"],"duration":1,"failing":false,"failureDetails":[],"failureMessages":[],"fullName":"request-manager.logic buildHistoryItem prefers processedUrl over fallbackUrl","invocations":1,"location":null,"numPassingAsserts":2,"retryReasons":[],"startAt":1769484564158,"status":"passed","title":"buildHistoryItem prefers processedUrl over fallbackUrl"},{"ancestorTitles":["request-manager.logic"],"duration":0,"failing":false,"failureDetails":[],"failureMessages":[],"fullName":"request-manager.logic buildFailureResponse uses fallbacks and attaches requestPreview/processedUrl","invocations":1,"location":null,"numPassingAsserts":5,"retryReasons":[],"startAt":1769484564159,"status":"passed","title":"buildFailureResponse uses fallbacks and attaches requestPreview/processedUrl"},{"ancestorTitles":["request-manager.logic"],"duration":0,"failing":false,"failureDetails":[],"failureMessages":[],"fullName":"request-manager.logic buildCancelledResponse matches expected shape","invocations":1,"location":null,"numPassingAsserts":2,"retryReasons":[],"startAt":1769484564159,"status":"passed","title":"buildCancelledResponse matches expected shape"},{"ancestorTitles":["request-manager.logic"],"duration":1,"failing":false,"failureDetails":[],"failureMessages":[],"fullName":"request-manager.logic decideLoadTestStatusText matches cancelled/aborted/complete rules","invocations":1,"location":null,"numPassingAsserts":3,"retryReasons":[],"startAt":1769484564159,"status":"passed","title":"decideLoadTestStatusText matches cancelled/aborted/complete rules"},{"ancestorTitles":["request-manager.logic"],"duration":0,"failing":false,"failureDetails":[],"failureMessages":[],"fullName":"request-manager.logic buildLoadTestSummaryResponse computes responseTime and JSON body","invocations":1,"location":null,"numPassingAsserts":3,"retryReasons":[],"startAt":1769484564160,"status":"passed","title":"buildLoadTestSummaryResponse computes responseTime and JSON body"}],"endTime":1769484564160,"message":"","name":"/Users/portablesheep/repos/RawRequest/frontend/src/app/components/request-manager/request-manager.logic.spec.ts","startTime":1769484564083,"status":"passed","summary":""},{"assertionResults":[{"ancestorTitles":["request-manager helpers","env-vars"],"duration":1,"failing":false,"failureDetails":[],"failureMessages":[],"fullName":"request-manager helpers env-vars prefers file.selectedEnv over global env","invocations":1,"location":null,"numPassingAsserts":1,"retryReasons":[],"startAt":1769484564239,"status":"passed","title":"prefers file.selectedEnv over global env"},{"ancestorTitles":["request-manager helpers","env-vars"],"duration":0,"failing":false,"failureDetails":[],"failureMessages":[],"fullName":"request-manager helpers env-vars falls back to global env, then default","invocations":1,"location":null,"numPassingAsserts":2,"retryReasons":[],"startAt":1769484564240,"status":"passed","title":"falls back to global env, then default"},{"ancestorTitles":["request-manager helpers","env-vars"],"duration":1,"failing":false,"failureDetails":[],"failureMessages":[],"fullName":"request-manager helpers env-vars merges base vars then env vars (env overrides)","invocations":1,"location":null,"numPassingAsserts":3,"retryReasons":[],"startAt":1769484564240,"status":"passed","title":"merges base vars then env vars (env overrides)"},{"ancestorTitles":["request-manager helpers","request-chain"],"duration":0,"failing":false,"failureDetails":[],"failureMessages":[],"fullName":"request-manager helpers request-chain builds dependency chain by name","invocations":1,"location":null,"numPassingAsserts":1,"retryReasons":[],"startAt":1769484564241,"status":"passed","title":"builds dependency chain by name"},{"ancestorTitles":["request-manager helpers","request-chain"],"duration":3,"failing":false,"failureDetails":[],"failureMessages":[],"fullName":"request-manager helpers request-chain throws on circular dependency","invocations":1,"location":null,"numPassingAsserts":1,"retryReasons":[],"startAt":1769484564241,"status":"passed","title":"throws on circular dependency"},{"ancestorTitles":["request-manager helpers","chain-items"],"duration":1,"failing":false,"failureDetails":[],"failureMessages":[],"fullName":"request-manager helpers chain-items creates chain items with primary marker","invocations":1,"location":null,"numPassingAsserts":7,"retryReasons":[],"startAt":1769484564244,"status":"passed","title":"creates chain items with primary marker"}],"endTime":1769484564245,"message":"","name":"/Users/portablesheep/repos/RawRequest/frontend/src/app/components/request-manager/request-manager.helpers.spec.ts","startTime":1769484564165,"status":"passed","summary":""},{"assertionResults":[{"ancestorTitles":["send-request"],"duration":1,"failing":false,"failureDetails":[],"failureMessages":[],"fullName":"send-request hydrates, builds preview, calls backend, parses response, and runs scripts","invocations":1,"location":null,"numPassingAsserts":11,"retryReasons":[],"startAt":1769484564328,"status":"passed","title":"hydrates, builds preview, calls backend, parses response, and runs scripts"},{"ancestorTitles":["send-request"],"duration":1,"failing":false,"failureDetails":[],"failureMessages":[],"fullName":"send-request throws a ResponseData fallback on backend error and includes preview if available","invocations":1,"location":null,"numPassingAsserts":1,"retryReasons":[],"startAt":1769484564329,"status":"passed","title":"throws a ResponseData fallback on backend error and includes preview if available"},{"ancestorTitles":["send-request"],"duration":1,"failing":false,"failureDetails":[],"failureMessages":[],"fullName":"send-request rethrows cancellation errors unchanged","invocations":1,"location":null,"numPassingAsserts":2,"retryReasons":[],"startAt":1769484564330,"status":"passed","title":"rethrows cancellation errors unchanged"},{"ancestorTitles":["send-request"],"duration":0,"failing":false,"failureDetails":[],"failureMessages":[],"fullName":"send-request uses backend timeout call when request.options.timeout is set","invocations":1,"location":null,"numPassingAsserts":3,"retryReasons":[],"startAt":1769484564331,"status":"passed","title":"uses backend timeout call when request.options.timeout is set"}],"endTime":1769484564331,"message":"","name":"/Users/portablesheep/repos/RawRequest/frontend/src/app/services/http/send-request.spec.ts","startTime":1769484564249,"status":"passed","summary":""},{"assertionResults":[{"ancestorTitles":["editor.chain-vars"],"duration":1,"failing":false,"failureDetails":[],"failureMessages":[],"fullName":"editor.chain-vars returns origin for pre-script setVar in same request","invocations":1,"location":null,"numPassingAsserts":1,"retryReasons":[],"startAt":1769484564414,"status":"passed","title":"returns origin for pre-script setVar in same request"},{"ancestorTitles":["editor.chain-vars"],"duration":1,"failing":false,"failureDetails":[],"failureMessages":[],"fullName":"editor.chain-vars returns origin from ancestor post-script","invocations":1,"location":null,"numPassingAsserts":4,"retryReasons":[],"startAt":1769484564415,"status":"passed","title":"returns origin from ancestor post-script"},{"ancestorTitles":["editor.chain-vars"],"duration":0,"failing":false,"failureDetails":[],"failureMessages":[],"fullName":"editor.chain-vars walks multi-hop chains and prefers earliest origin","invocations":1,"location":null,"numPassingAsserts":2,"retryReasons":[],"startAt":1769484564416,"status":"passed","title":"walks multi-hop chains and prefers earliest origin"},{"ancestorTitles":["editor.chain-vars"],"duration":0,"failing":false,"failureDetails":[],"failureMessages":[],"fullName":"editor.chain-vars does not include the current request's post-script by default","invocations":1,"location":null,"numPassingAsserts":2,"retryReasons":[],"startAt":1769484564416,"status":"passed","title":"does not include the current request's post-script by default"},{"ancestorTitles":["editor.chain-vars"],"duration":1,"failing":false,"failureDetails":[],"failureMessages":[],"fullName":"editor.chain-vars does not infinite loop on cyclic depends","invocations":1,"location":null,"numPassingAsserts":2,"retryReasons":[],"startAt":1769484564416,"status":"passed","title":"does not infinite loop on cyclic depends"}],"endTime":1769484564417,"message":"","name":"/Users/portablesheep/repos/RawRequest/frontend/src/app/components/editor/editor.chain-vars.spec.ts","startTime":1769484564336,"status":"passed","summary":""},{"assertionResults":[{"ancestorTitles":["path utils","basename"],"duration":1,"failing":false,"failureDetails":[],"failureMessages":[],"fullName":"path utils basename returns empty for empty input","invocations":1,"location":null,"numPassingAsserts":2,"retryReasons":[],"startAt":1769484564501,"status":"passed","title":"returns empty for empty input"},{"ancestorTitles":["path utils","basename"],"duration":0,"failing":false,"failureDetails":[],"failureMessages":[],"fullName":"path utils basename handles posix paths","invocations":1,"location":null,"numPassingAsserts":3,"retryReasons":[],"startAt":1769484564502,"status":"passed","title":"handles posix paths"},{"ancestorTitles":["path utils","basename"],"duration":1,"failing":false,"failureDetails":[],"failureMessages":[],"fullName":"path utils basename handles windows paths","invocations":1,"location":null,"numPassingAsserts":2,"retryReasons":[],"startAt":1769484564502,"status":"passed","title":"handles windows paths"},{"ancestorTitles":["path utils","basename"],"duration":0,"failing":false,"failureDetails":[],"failureMessages":[],"fullName":"path utils basename strips extension when provided","invocations":1,"location":null,"numPassingAsserts":3,"retryReasons":[],"startAt":1769484564503,"status":"passed","title":"strips extension when provided"},{"ancestorTitles":["path utils","basename"],"duration":0,"failing":false,"failureDetails":[],"failureMessages":[],"fullName":"path utils basename does not strip extension if it does not match","invocations":1,"location":null,"numPassingAsserts":2,"retryReasons":[],"startAt":1769484564503,"status":"passed","title":"does not strip extension if it does not match"},{"ancestorTitles":["path utils","dirname"],"duration":0,"failing":false,"failureDetails":[],"failureMessages":[],"fullName":"path utils dirname returns empty for empty input","invocations":1,"location":null,"numPassingAsserts":2,"retryReasons":[],"startAt":1769484564504,"status":"passed","title":"returns empty for empty input"},{"ancestorTitles":["path utils","dirname"],"duration":0,"failing":false,"failureDetails":[],"failureMessages":[],"fullName":"path utils dirname handles posix paths","invocations":1,"location":null,"numPassingAsserts":4,"retryReasons":[],"startAt":1769484564504,"status":"passed","title":"handles posix paths"},{"ancestorTitles":["path utils","dirname"],"duration":1,"failing":false,"failureDetails":[],"failureMessages":[],"fullName":"path utils dirname handles windows paths","invocations":1,"location":null,"numPassingAsserts":2,"retryReasons":[],"startAt":1769484564504,"status":"passed","title":"handles windows paths"},{"ancestorTitles":["path utils","dirname"],"duration":0,"failing":false,"failureDetails":[],"failureMessages":[],"fullName":"path utils dirname returns empty when no separators","invocations":1,"location":null,"numPassingAsserts":1,"retryReasons":[],"startAt":1769484564505,"status":"passed","title":"returns empty when no separators"}],"endTime":1769484564505,"message":"","name":"/Users/portablesheep/repos/RawRequest/frontend/src/app/utils/path.spec.ts","startTime":1769484564421,"status":"passed","summary":""},{"assertionResults":[{"ancestorTitles":["http-file-analysis"],"duration":1,"failing":false,"failureDetails":[],"failureMessages":[],"fullName":"http-file-analysis detects method lines","invocations":1,"location":null,"numPassingAsserts":3,"retryReasons":[],"startAt":1769484564591,"status":"passed","title":"detects method lines"},{"ancestorTitles":["http-file-analysis"],"duration":0,"failing":false,"failureDetails":[],"failureMessages":[],"fullName":"http-file-analysis detects separator lines","invocations":1,"location":null,"numPassingAsserts":5,"retryReasons":[],"startAt":1769484564592,"status":"passed","title":"detects separator lines"},{"ancestorTitles":["http-file-analysis"],"duration":1,"failing":false,"failureDetails":[],"failureMessages":[],"fullName":"http-file-analysis extracts placeholders with correct ranges","invocations":1,"location":null,"numPassingAsserts":4,"retryReasons":[],"startAt":1769484564592,"status":"passed","title":"extracts placeholders with correct ranges"},{"ancestorTitles":["http-file-analysis"],"duration":0,"failing":false,"failureDetails":[],"failureMessages":[],"fullName":"http-file-analysis extracts @depends target range","invocations":1,"location":null,"numPassingAsserts":3,"retryReasons":[],"startAt":1769484564593,"status":"passed","title":"extracts @depends target range"},{"ancestorTitles":["http-file-analysis"],"duration":1,"failing":false,"failureDetails":[],"failureMessages":[],"fullName":"http-file-analysis extracts setVar literal keys","invocations":1,"location":null,"numPassingAsserts":3,"retryReasons":[],"startAt":1769484564593,"status":"passed","title":"extracts setVar literal keys"},{"ancestorTitles":["http-file-analysis"],"duration":0,"failing":false,"failureDetails":[],"failureMessages":[],"fullName":"http-file-analysis does not extract setVar keys from // comments","invocations":1,"location":null,"numPassingAsserts":2,"retryReasons":[],"startAt":1769484564594,"status":"passed","title":"does not extract setVar keys from // comments"},{"ancestorTitles":["http-file-analysis"],"duration":0,"failing":false,"failureDetails":[],"failureMessages":[],"fullName":"http-file-analysis does not treat // inside strings as comments","invocations":1,"location":null,"numPassingAsserts":1,"retryReasons":[],"startAt":1769484564594,"status":"passed","title":"does not treat // inside strings as comments"}],"endTime":1769484564595,"message":"","name":"/Users/portablesheep/repos/RawRequest/frontend/src/app/utils/http-file-analysis.spec.ts","startTime":1769484564509,"status":"passed","summary":""},{"assertionResults":[{"ancestorTitles":["workspace-facade helpers"],"duration":1,"failing":false,"failureDetails":[],"failureMessages":[],"fullName":"workspace-facade helpers createNewUntitledTab uses provided tab number","invocations":1,"location":null,"numPassingAsserts":2,"retryReasons":[],"startAt":1769484564679,"status":"passed","title":"createNewUntitledTab uses provided tab number"},{"ancestorTitles":["workspace-facade helpers"],"duration":0,"failing":false,"failureDetails":[],"failureMessages":[],"fullName":"workspace-facade helpers deriveNextCurrentIndexAfterClose clamps and shifts","invocations":1,"location":null,"numPassingAsserts":3,"retryReasons":[],"startAt":1769484564680,"status":"passed","title":"deriveNextCurrentIndexAfterClose clamps and shifts"},{"ancestorTitles":["workspace-facade helpers"],"duration":1,"failing":false,"failureDetails":[],"failureMessages":[],"fullName":"workspace-facade helpers computeSelectedEnvAfterParse keeps when valid, otherwise picks first","invocations":1,"location":null,"numPassingAsserts":4,"retryReasons":[],"startAt":1769484564680,"status":"passed","title":"computeSelectedEnvAfterParse keeps when valid, otherwise picks first"},{"ancestorTitles":["workspace-facade helpers"],"duration":0,"failing":false,"failureDetails":[],"failureMessages":[],"fullName":"workspace-facade helpers reorderTabsPure keeps active tab selected by id","invocations":1,"location":null,"numPassingAsserts":3,"retryReasons":[],"startAt":1769484564681,"status":"passed","title":"reorderTabsPure keeps active tab selected by id"}],"endTime":1769484564682,"message":"","name":"/Users/portablesheep/repos/RawRequest/frontend/src/app/services/workspace-facade/workspace-facade.helpers.spec.ts","startTime":1769484564599,"status":"passed","summary":""},{"assertionResults":[{"ancestorTitles":["parser/load-config"],"duration":1,"failing":false,"failureDetails":[],"failureMessages":[],"fullName":"parser/load-config parses key=value pairs and normalizes synonyms","invocations":1,"location":null,"numPassingAsserts":4,"retryReasons":[],"startAt":1769484564762,"status":"passed","title":"parses key=value pairs and normalizes synonyms"},{"ancestorTitles":["parser/load-config"],"duration":0,"failing":false,"failureDetails":[],"failureMessages":[],"fullName":"parser/load-config supports quoted values and leaves non-int keys as strings","invocations":1,"location":null,"numPassingAsserts":3,"retryReasons":[],"startAt":1769484564763,"status":"passed","title":"supports quoted values and leaves non-int keys as strings"},{"ancestorTitles":["parser/load-config"],"duration":1,"failing":false,"failureDetails":[],"failureMessages":[],"fullName":"parser/load-config returns empty config on empty input","invocations":1,"location":null,"numPassingAsserts":2,"retryReasons":[],"startAt":1769484564763,"status":"passed","title":"returns empty config on empty input"}],"endTime":1769484564764,"message":"","name":"/Users/portablesheep/repos/RawRequest/frontend/src/app/services/parser/load-config.spec.ts","startTime":1769484564686,"status":"passed","summary":""},{"assertionResults":[{"ancestorTitles":["load-test-metrics"],"duration":1,"failing":false,"failureDetails":[],"failureMessages":[],"fullName":"load-test-metrics computes percentiles and rates","invocations":1,"location":null,"numPassingAsserts":12,"retryReasons":[],"startAt":1769484564851,"status":"passed","title":"computes percentiles and rates"},{"ancestorTitles":["load-test-metrics"],"duration":1,"failing":false,"failureDetails":[],"failureMessages":[],"fullName":"load-test-metrics handles empty responseTimes without NaN","invocations":1,"location":null,"numPassingAsserts":5,"retryReasons":[],"startAt":1769484564852,"status":"passed","title":"handles empty responseTimes without NaN"}],"endTime":1769484564853,"message":"","name":"/Users/portablesheep/repos/RawRequest/frontend/src/app/services/http/load-test-metrics.spec.ts","startTime":1769484564768,"status":"passed","summary":""},{"assertionResults":[{"ancestorTitles":["go-response"],"duration":1,"failing":false,"failureDetails":[],"failureMessages":[],"fullName":"go-response returns a Request Error for Go error strings","invocations":1,"location":null,"numPassingAsserts":3,"retryReasons":[],"startAt":1769484564938,"status":"passed","title":"returns a Request Error for Go error strings"},{"ancestorTitles":["go-response"],"duration":0,"failing":false,"failureDetails":[],"failureMessages":[],"fullName":"go-response parses status, headers metadata, and JSON body","invocations":1,"location":null,"numPassingAsserts":7,"retryReasons":[],"startAt":1769484564940,"status":"passed","title":"parses status, headers metadata, and JSON body"},{"ancestorTitles":["go-response"],"duration":1,"failing":false,"failureDetails":[],"failureMessages":[],"fullName":"go-response parses assertions when present","invocations":1,"location":null,"numPassingAsserts":1,"retryReasons":[],"startAt":1769484564940,"status":"passed","title":"parses assertions when present"},{"ancestorTitles":["go-response"],"duration":0,"failing":false,"failureDetails":[],"failureMessages":[],"fullName":"go-response treats unparseable content as Parse Error","invocations":1,"location":null,"numPassingAsserts":3,"retryReasons":[],"startAt":1769484564941,"status":"passed","title":"treats unparseable content as Parse Error"}],"endTime":1769484564942,"message":"","name":"/Users/portablesheep/repos/RawRequest/frontend/src/app/services/http/go-response.spec.ts","startTime":1769484564858,"status":"passed","summary":""},{"assertionResults":[{"ancestorTitles":["file-save.logic"],"duration":1,"failing":false,"failureDetails":[],"failureMessages":[],"fullName":"file-save.logic buildFirstSaveDefaultName prefers name then displayName","invocations":1,"location":null,"numPassingAsserts":3,"retryReasons":[],"startAt":1769484565076,"status":"passed","title":"buildFirstSaveDefaultName prefers name then displayName"},{"ancestorTitles":["file-save.logic"],"duration":0,"failing":false,"failureDetails":[],"failureMessages":[],"fullName":"file-save.logic buildSaveAsDefaultName uses basename fallback chain","invocations":1,"location":null,"numPassingAsserts":4,"retryReasons":[],"startAt":1769484565077,"status":"passed","title":"buildSaveAsDefaultName uses basename fallback chain"},{"ancestorTitles":["file-save.logic"],"duration":1,"failing":false,"failureDetails":[],"failureMessages":[],"fullName":"file-save.logic buildFileAfterSave updates id, filePath, and name","invocations":1,"location":null,"numPassingAsserts":3,"retryReasons":[],"startAt":1769484565077,"status":"passed","title":"buildFileAfterSave updates id, filePath, and name"},{"ancestorTitles":["file-save.logic"],"duration":0,"failing":false,"failureDetails":[],"failureMessages":[],"fullName":"file-save.logic decideFirstSaveHistoryMigration only migrates non-empty history","invocations":1,"location":null,"numPassingAsserts":3,"retryReasons":[],"startAt":1769484565078,"status":"passed","title":"decideFirstSaveHistoryMigration only migrates non-empty history"},{"ancestorTitles":["file-save.logic"],"duration":1,"failing":false,"failureDetails":[],"failureMessages":[],"fullName":"file-save.logic decideSaveAsHistoryMigration always returns a patch (empty history allowed)","invocations":1,"location":null,"numPassingAsserts":1,"retryReasons":[],"startAt":1769484565078,"status":"passed","title":"decideSaveAsHistoryMigration always returns a patch (empty history allowed)"}],"endTime":1769484565079,"message":"","name":"/Users/portablesheep/repos/RawRequest/frontend/src/app/logic/app/file-save.logic.spec.ts","startTime":1769484564946,"status":"passed","summary":""},{"assertionResults":[{"ancestorTitles":["editor.component.logic","buildRequestNameRegexes/findRequestNameLineNumber"],"duration":0,"failing":false,"failureDetails":[],"failureMessages":[],"fullName":"editor.component.logic buildRequestNameRegexes/findRequestNameLineNumber returns null for empty target","invocations":1,"location":null,"numPassingAsserts":2,"retryReasons":[],"startAt":1769484565163,"status":"passed","title":"returns null for empty target"},{"ancestorTitles":["editor.component.logic","buildRequestNameRegexes/findRequestNameLineNumber"],"duration":0,"failing":false,"failureDetails":[],"failureMessages":[],"fullName":"editor.component.logic buildRequestNameRegexes/findRequestNameLineNumber finds @name target case-insensitively","invocations":1,"location":null,"numPassingAsserts":1,"retryReasons":[],"startAt":1769484565164,"status":"passed","title":"finds @name target case-insensitively"},{"ancestorTitles":["editor.component.logic","buildRequestNameRegexes/findRequestNameLineNumber"],"duration":1,"failing":false,"failureDetails":[],"failureMessages":[],"fullName":"editor.component.logic buildRequestNameRegexes/findRequestNameLineNumber finds legacy meta name marker","invocations":1,"location":null,"numPassingAsserts":1,"retryReasons":[],"startAt":1769484565164,"status":"passed","title":"finds legacy meta name marker"},{"ancestorTitles":["editor.component.logic","buildRequestNameRegexes/findRequestNameLineNumber"],"duration":0,"failing":false,"failureDetails":[],"failureMessages":[],"fullName":"editor.component.logic buildRequestNameRegexes/findRequestNameLineNumber does not match partial names","invocations":1,"location":null,"numPassingAsserts":1,"retryReasons":[],"startAt":1769484565165,"status":"passed","title":"does not match partial names"},{"ancestorTitles":["editor.component.logic","buildRequestNameRegexes/findRequestNameLineNumber"],"duration":0,"failing":false,"failureDetails":[],"failureMessages":[],"fullName":"editor.component.logic buildRequestNameRegexes/findRequestNameLineNumber escapes regex characters in target name","invocations":1,"location":null,"numPassingAsserts":1,"retryReasons":[],"startAt":1769484565165,"status":"passed","title":"escapes regex characters in target name"},{"ancestorTitles":["editor.component.logic","shouldCollapseAccidentalSelection"],"duration":0,"failing":false,"failureDetails":[],"failureMessages":[],"fullName":"editor.component.logic shouldCollapseAccidentalSelection collapses when a new selection spans >2 lines","invocations":1,"location":null,"numPassingAsserts":1,"retryReasons":[],"startAt":1769484565166,"status":"passed","title":"collapses when a new selection spans >2 lines"},{"ancestorTitles":["editor.component.logic","shouldCollapseAccidentalSelection"],"duration":0,"failing":false,"failureDetails":[],"failureMessages":[],"fullName":"editor.component.logic shouldCollapseAccidentalSelection does not collapse when selection already existed","invocations":1,"location":null,"numPassingAsserts":1,"retryReasons":[],"startAt":1769484565166,"status":"passed","title":"does not collapse when selection already existed"},{"ancestorTitles":["editor.component.logic","shouldCollapseAccidentalSelection"],"duration":1,"failing":false,"failureDetails":[],"failureMessages":[],"fullName":"editor.component.logic shouldCollapseAccidentalSelection does not collapse when selection is empty","invocations":1,"location":null,"numPassingAsserts":1,"retryReasons":[],"startAt":1769484565166,"status":"passed","title":"does not collapse when selection is empty"},{"ancestorTitles":["editor.component.logic","shouldCollapseAccidentalSelection"],"duration":0,"failing":false,"failureDetails":[],"failureMessages":[],"fullName":"editor.component.logic shouldCollapseAccidentalSelection uses configurable maxLineSpan","invocations":1,"location":null,"numPassingAsserts":1,"retryReasons":[],"startAt":1769484565167,"status":"passed","title":"uses configurable maxLineSpan"},{"ancestorTitles":["editor.component.logic","computeContextMenuLocalPosition"],"duration":1,"failing":false,"failureDetails":[],"failureMessages":[],"fullName":"editor.component.logic computeContextMenuLocalPosition prefers caret coords over event coords","invocations":1,"location":null,"numPassingAsserts":1,"retryReasons":[],"startAt":1769484565167,"status":"passed","title":"prefers caret coords over event coords"},{"ancestorTitles":["editor.component.logic","computeContextMenuLocalPosition"],"duration":0,"failing":false,"failureDetails":[],"failureMessages":[],"fullName":"editor.component.logic computeContextMenuLocalPosition clamps to viewport and converts to wrapper-local coords","invocations":1,"location":null,"numPassingAsserts":1,"retryReasons":[],"startAt":1769484565168,"status":"passed","title":"clamps to viewport and converts to wrapper-local coords"},{"ancestorTitles":["editor.component.logic","computeContextMenuLocalPosition"],"duration":1,"failing":false,"failureDetails":[],"failureMessages":[],"fullName":"editor.component.logic computeContextMenuLocalPosition never returns negative local coords","invocations":1,"location":null,"numPassingAsserts":2,"retryReasons":[],"startAt":1769484565168,"status":"passed","title":"never returns negative local coords"}],"endTime":1769484565171,"message":"","name":"/Users/portablesheep/repos/RawRequest/frontend/src/app/components/editor/editor.component.logic.spec.ts","startTime":1769484565084,"status":"passed","summary":""},{"assertionResults":[{"ancestorTitles":["update-logic"],"duration":1,"failing":false,"failureDetails":[],"failureMessages":[],"fullName":"update-logic decideUpdateReadyState clears when current matches ready","invocations":1,"location":null,"numPassingAsserts":1,"retryReasons":[],"startAt":1769484565248,"status":"passed","title":"decideUpdateReadyState clears when current matches ready"},{"ancestorTitles":["update-logic"],"duration":0,"failing":false,"failureDetails":[],"failureMessages":[],"fullName":"update-logic decideUpdateReadyState keeps ready when current is unknown","invocations":1,"location":null,"numPassingAsserts":1,"retryReasons":[],"startAt":1769484565249,"status":"passed","title":"decideUpdateReadyState keeps ready when current is unknown"},{"ancestorTitles":["update-logic"],"duration":1,"failing":false,"failureDetails":[],"failureMessages":[],"fullName":"update-logic decideUpdateReadyState handles empty readyVersion","invocations":1,"location":null,"numPassingAsserts":1,"retryReasons":[],"startAt":1769484565249,"status":"passed","title":"decideUpdateReadyState handles empty readyVersion"},{"ancestorTitles":["update-logic"],"duration":0,"failing":false,"failureDetails":[],"failureMessages":[],"fullName":"update-logic normalizeUpdateProgressPercent clamps 0..1","invocations":1,"location":null,"numPassingAsserts":4,"retryReasons":[],"startAt":1769484565250,"status":"passed","title":"normalizeUpdateProgressPercent clamps 0..1"},{"ancestorTitles":["update-logic"],"duration":1,"failing":false,"failureDetails":[],"failureMessages":[],"fullName":"update-logic shouldUseCachedUpdateInfo returns cached when within interval","invocations":1,"location":null,"numPassingAsserts":2,"retryReasons":[],"startAt":1769484565250,"status":"passed","title":"shouldUseCachedUpdateInfo returns cached when within interval"},{"ancestorTitles":["update-logic"],"duration":3,"failing":false,"failureDetails":[],"failureMessages":[],"fullName":"update-logic shouldShowUpdateNotification respects dismissal","invocations":1,"location":null,"numPassingAsserts":4,"retryReasons":[],"startAt":1769484565251,"status":"passed","title":"shouldShowUpdateNotification respects dismissal"}],"endTime":1769484565254,"message":"","name":"/Users/portablesheep/repos/RawRequest/frontend/src/app/services/update/update-logic.spec.ts","startTime":1769484565175,"status":"passed","summary":""},{"assertionResults":[{"ancestorTitles":["load-test-config"],"duration":1,"failing":false,"failureDetails":[],"failureMessages":[],"fullName":"load-test-config defaults iterations when no stop condition is provided","invocations":1,"location":null,"numPassingAsserts":2,"retryReasons":[],"startAt":1769484565334,"status":"passed","title":"defaults iterations when no stop condition is provided"},{"ancestorTitles":["load-test-config"],"duration":1,"failing":false,"failureDetails":[],"failureMessages":[],"fullName":"load-test-config parses duration, users, ramp, and delays","invocations":1,"location":null,"numPassingAsserts":9,"retryReasons":[],"startAt":1769484565335,"status":"passed","title":"parses duration, users, ramp, and delays"},{"ancestorTitles":["load-test-config"],"duration":3,"failing":false,"failureDetails":[],"failureMessages":[],"fullName":"load-test-config clamps start users to max users and normalizes failure rate threshold","invocations":1,"location":null,"numPassingAsserts":3,"retryReasons":[],"startAt":1769484565336,"status":"passed","title":"clamps start users to max users and normalizes failure rate threshold"},{"ancestorTitles":["load-test-config"],"duration":1,"failing":false,"failureDetails":[],"failureMessages":[],"fullName":"load-test-config enables adaptive mode with sensible defaults","invocations":1,"location":null,"numPassingAsserts":6,"retryReasons":[],"startAt":1769484565339,"status":"passed","title":"enables adaptive mode with sensible defaults"},{"ancestorTitles":["parseDurationMs"],"duration":0,"failing":false,"failureDetails":[],"failureMessages":[],"fullName":"parseDurationMs parses numbers as milliseconds","invocations":1,"location":null,"numPassingAsserts":3,"retryReasons":[],"startAt":1769484565340,"status":"passed","title":"parses numbers as milliseconds"},{"ancestorTitles":["parseDurationMs"],"duration":1,"failing":false,"failureDetails":[],"failureMessages":[],"fullName":"parseDurationMs parses unit strings","invocations":1,"location":null,"numPassingAsserts":4,"retryReasons":[],"startAt":1769484565340,"status":"passed","title":"parses unit strings"},{"ancestorTitles":["parseDurationMs"],"duration":0,"failing":false,"failureDetails":[],"failureMessages":[],"fullName":"parseDurationMs defaults to ms when no unit is provided","invocations":1,"location":null,"numPassingAsserts":2,"retryReasons":[],"startAt":1769484565341,"status":"passed","title":"defaults to ms when no unit is provided"},{"ancestorTitles":["parseDurationMs"],"duration":1,"failing":false,"failureDetails":[],"failureMessages":[],"fullName":"parseDurationMs rejects invalid/negative values","invocations":1,"location":null,"numPassingAsserts":5,"retryReasons":[],"startAt":1769484565341,"status":"passed","title":"rejects invalid/negative values"}],"endTime":1769484565342,"message":"","name":"/Users/portablesheep/repos/RawRequest/frontend/src/app/services/http/load-test-config.spec.ts","startTime":1769484565259,"status":"passed","summary":""},{"assertionResults":[{"ancestorTitles":["cancel-active-request.logic"],"duration":1,"failing":false,"failureDetails":[],"failureMessages":[],"fullName":"cancel-active-request.logic does not cancel without activeRequestId","invocations":1,"location":null,"numPassingAsserts":1,"retryReasons":[],"startAt":1769484565422,"status":"passed","title":"does not cancel without activeRequestId"},{"ancestorTitles":["cancel-active-request.logic"],"duration":1,"failing":false,"failureDetails":[],"failureMessages":[],"fullName":"cancel-active-request.logic does not cancel when already cancelling","invocations":1,"location":null,"numPassingAsserts":1,"retryReasons":[],"startAt":1769484565423,"status":"passed","title":"does not cancel when already cancelling"},{"ancestorTitles":["cancel-active-request.logic"],"duration":0,"failing":false,"failureDetails":[],"failureMessages":[],"fullName":"cancel-active-request.logic does not cancel without request manager","invocations":1,"location":null,"numPassingAsserts":1,"retryReasons":[],"startAt":1769484565424,"status":"passed","title":"does not cancel without request manager"},{"ancestorTitles":["cancel-active-request.logic"],"duration":0,"failing":false,"failureDetails":[],"failureMessages":[],"fullName":"cancel-active-request.logic cancels when id exists, not cancelling, and manager exists","invocations":1,"location":null,"numPassingAsserts":1,"retryReasons":[],"startAt":1769484565424,"status":"passed","title":"cancels when id exists, not cancelling, and manager exists"},{"ancestorTitles":["cancel-active-request.logic"],"duration":1,"failing":false,"failureDetails":[],"failureMessages":[],"fullName":"cancel-active-request.logic error patch always clears cancelling flag","invocations":1,"location":null,"numPassingAsserts":1,"retryReasons":[],"startAt":1769484565424,"status":"passed","title":"error patch always clears cancelling flag"}],"endTime":1769484565425,"message":"","name":"/Users/portablesheep/repos/RawRequest/frontend/src/app/logic/request/cancel-active-request.logic.spec.ts","startTime":1769484565346,"status":"passed","summary":""},{"assertionResults":[{"ancestorTitles":["active-request.logic"],"duration":1,"failing":false,"failureDetails":[],"failureMessages":[],"fullName":"active-request.logic deriveActiveRequestType returns single by default","invocations":1,"location":null,"numPassingAsserts":1,"retryReasons":[],"startAt":1769484565506,"status":"passed","title":"deriveActiveRequestType returns single by default"},{"ancestorTitles":["active-request.logic"],"duration":1,"failing":false,"failureDetails":[],"failureMessages":[],"fullName":"active-request.logic deriveActiveRequestType returns chain when depends exists","invocations":1,"location":null,"numPassingAsserts":1,"retryReasons":[],"startAt":1769484565507,"status":"passed","title":"deriveActiveRequestType returns chain when depends exists"},{"ancestorTitles":["active-request.logic"],"duration":0,"failing":false,"failureDetails":[],"failureMessages":[],"fullName":"active-request.logic deriveActiveRequestType returns load when loadTest exists","invocations":1,"location":null,"numPassingAsserts":1,"retryReasons":[],"startAt":1769484565508,"status":"passed","title":"deriveActiveRequestType returns load when loadTest exists"},{"ancestorTitles":["active-request.logic"],"duration":1,"failing":false,"failureDetails":[],"failureMessages":[],"fullName":"active-request.logic buildActiveRequestInfo is deterministic for a given nowMs","invocations":1,"location":null,"numPassingAsserts":5,"retryReasons":[],"startAt":1769484565508,"status":"passed","title":"buildActiveRequestInfo is deterministic for a given nowMs"},{"ancestorTitles":["active-request.logic"],"duration":0,"failing":false,"failureDetails":[],"failureMessages":[],"fullName":"active-request.logic buildInitialLoadRunUiState resets series and sampler fields","invocations":1,"location":null,"numPassingAsserts":9,"retryReasons":[],"startAt":1769484565509,"status":"passed","title":"buildInitialLoadRunUiState resets series and sampler fields"}],"endTime":1769484565510,"message":"","name":"/Users/portablesheep/repos/RawRequest/frontend/src/app/logic/request/active-request.logic.spec.ts","startTime":1769484565429,"status":"passed","summary":""},{"assertionResults":[{"ancestorTitles":["response-panel.logic","getChainItemsForResponsePanel"],"duration":1,"failing":false,"failureDetails":[],"failureMessages":[],"fullName":"response-panel.logic getChainItemsForResponsePanel returns responseData.chainItems when provided","invocations":1,"location":null,"numPassingAsserts":1,"retryReasons":[],"startAt":1769484565592,"status":"passed","title":"returns responseData.chainItems when provided"},{"ancestorTitles":["response-panel.logic","getChainItemsForResponsePanel"],"duration":1,"failing":false,"failureDetails":[],"failureMessages":[],"fullName":"response-panel.logic getChainItemsForResponsePanel builds a single entry from requestPreview when request is null","invocations":1,"location":null,"numPassingAsserts":8,"retryReasons":[],"startAt":1769484565593,"status":"passed","title":"builds a single entry from requestPreview when request is null"},{"ancestorTitles":["response-panel.logic","getChainItemsForResponsePanel"],"duration":0,"failing":false,"failureDetails":[],"failureMessages":[],"fullName":"response-panel.logic getChainItemsForResponsePanel returns [] when request is null and requestPreview missing","invocations":1,"location":null,"numPassingAsserts":1,"retryReasons":[],"startAt":1769484565594,"status":"passed","title":"returns [] when request is null and requestPreview missing"},{"ancestorTitles":["response-panel.logic","getChainItemsForResponsePanel"],"duration":1,"failing":false,"failureDetails":[],"failureMessages":[],"fullName":"response-panel.logic getChainItemsForResponsePanel builds a single entry from Request when provided","invocations":1,"lo
[...]
":"chain-response-parser does not overwrite a response-provided requestPreview","invocations":1,"location":null,"numPassingAsserts":3,"retryReasons":[],"startAt":1769484566696,"status":"passed","title":"does not overwrite a response-provided requestPreview"}],"endTime":1769484566697,"message":"","name":"/Users/portablesheep/repos/RawRequest/frontend/src/app/services/http/chain-response-parser.spec.ts","startTime":1769484566620,"status":"passed","summary":""},{"assertionResults":[{"ancestorTitles":["history-sync.logic"],"duration":1,"failing":false,"failureDetails":[],"failureMessages":[],"fullName":"history-sync.logic returns empty history when no active file","invocations":1,"location":null,"numPassingAsserts":1,"retryReasons":[],"startAt":1769484566778,"status":"passed","title":"returns empty history when no active file"},{"ancestorTitles":["history-sync.logic"],"duration":0,"failing":false,"failureDetails":[],"failureMessages":[],"fullName":"history-sync.logic uses cached history when present and does not load","invocations":1,"location":null,"numPassingAsserts":4,"retryReasons":[],"startAt":1769484566780,"status":"passed","title":"uses cached history when present and does not load"},{"ancestorTitles":["history-sync.logic"],"duration":1,"failing":false,"failureDetails":[],"failureMessages":[],"fullName":"history-sync.logic returns load instruction when no cached history","invocations":1,"location":null,"numPassingAsserts":1,"retryReasons":[],"startAt":1769484566780,"status":"passed","title":"returns load instruction when no cached history"}],"endTime":1769484566781,"message":"","name":"/Users/portablesheep/repos/RawRequest/frontend/src/app/logic/app/history-sync.logic.spec.ts","startTime":1769484566705,"status":"passed","summary":""},{"assertionResults":[{"ancestorTitles":["editor.lint.logic"],"duration":1,"failing":false,"failureDetails":[],"failureMessages":[],"fullName":"editor.lint.logic collectUnknownLoadKeyDiagnosticsForLine warns on unknown keys","invocations":1,"location":null,"numPassingAsserts":2,"retryReasons":[],"startAt":1769484566863,"status":"passed","title":"collectUnknownLoadKeyDiagnosticsForLine warns on unknown keys"},{"ancestorTitles":["editor.lint.logic"],"duration":1,"failing":false,"failureDetails":[],"failureMessages":[],"fullName":"editor.lint.logic collectTimeoutDiagnosticsForLine flags non-numeric and negative","invocations":1,"location":null,"numPassingAsserts":3,"retryReasons":[],"startAt":1769484566864,"status":"passed","title":"collectTimeoutDiagnosticsForLine flags non-numeric and negative"},{"ancestorTitles":["editor.lint.logic"],"duration":4,"failing":false,"failureDetails":[],"failureMessages":[],"fullName":"editor.lint.logic unknown depends diagnostics uses dependsTokenByRequestIndex ranges","invocations":1,"location":null,"numPassingAsserts":3,"retryReasons":[],"startAt":1769484566865,"status":"passed","title":"unknown depends diagnostics uses dependsTokenByRequestIndex ranges"},{"ancestorTitles":["editor.lint.logic"],"duration":1,"failing":false,"failureDetails":[],"failureMessages":[],"fullName":"editor.lint.logic cycle diagnostics flags tokens on cycle nodes","invocations":1,"location":null,"numPassingAsserts":2,"retryReasons":[],"startAt":1769484566869,"status":"passed","title":"cycle diagnostics flags tokens on cycle nodes"},{"ancestorTitles":["editor.lint.logic"],"duration":1,"failing":false,"failureDetails":[],"failureMessages":[],"fullName":"editor.lint.logic collectUnknownVariableDiagnosticsForLine respects vars/env/secret/chainVars","invocations":1,"location":null,"numPassingAsserts":2,"retryReasons":[],"startAt":1769484566870,"status":"passed","title":"collectUnknownVariableDiagnosticsForLine respects vars/env/secret/chainVars"}],"endTime":1769484566872,"message":"","name":"/Users/portablesheep/repos/RawRequest/frontend/src/app/components/editor/editor.lint.logic.spec.ts","startTime":1769484566789,"status":"passed","summary":""},{"assertionResults":[{"ancestorTitles":["sparkline utils"],"duration":1,"failing":false,"failureDetails":[],"failureMessages":[],"fullName":"sparkline utils enqueueRamp generates smoothstep intermediate values","invocations":1,"location":null,"numPassingAsserts":6,"retryReasons":[],"startAt":1769484566954,"status":"passed","title":"enqueueRamp generates smoothstep intermediate values"},{"ancestorTitles":["sparkline utils"],"duration":1,"failing":false,"failureDetails":[],"failureMessages":[],"fullName":"sparkline utils enqueueRamp respects integer mode","invocations":1,"location":null,"numPassingAsserts":2,"retryReasons":[],"startAt":1769484566955,"status":"passed","title":"enqueueRamp respects integer mode"},{"ancestorTitles":["sparkline utils"],"duration":1,"failing":false,"failureDetails":[],"failureMessages":[],"fullName":"sparkline utils pointsToString formats points","invocations":1,"location":null,"numPassingAsserts":1,"retryReasons":[],"startAt":1769484566956,"status":"passed","title":"pointsToString formats points"},{"ancestorTitles":["sparkline utils"],"duration":0,"failing":false,"failureDetails":[],"failureMessages":[],"fullName":"sparkline utils pointsToSmoothPathD returns a cubic path and clamps Y control points","invocations":1,"location":null,"numPassingAsserts":4,"retryReasons":[],"startAt":1769484566957,"status":"passed","title":"pointsToSmoothPathD returns a cubic path and clamps Y control points"}],"endTime":1769484566958,"message":"","name":"/Users/portablesheep/repos/RawRequest/frontend/src/app/utils/sparkline.spec.ts","startTime":1769484566876,"status":"passed","summary":""},{"assertionResults":[{"ancestorTitles":["hydration"],"duration":1,"failing":false,"failureDetails":[],"failureMessages":[],"fullName":"hydration normalizes env name to default","invocations":1,"location":null,"numPassingAsserts":4,"retryReasons":[],"startAt":1769484567039,"status":"passed","title":"normalizes env name to default"},{"ancestorTitles":["hydration"],"duration":1,"failing":false,"failureDetails":[],"failureMessages":[],"fullName":"hydration hydrates text via secrets then variables","invocations":1,"location":null,"numPassingAsserts":1,"retryReasons":[],"startAt":1769484567040,"status":"passed","title":"hydrates text via secrets then variables"},{"ancestorTitles":["hydration"],"duration":1,"failing":false,"failureDetails":[],"failureMessages":[],"fullName":"hydration hydrates text secrets-only without replacing variables","invocations":1,"location":null,"numPassingAsserts":1,"retryReasons":[],"startAt":1769484567041,"status":"passed","title":"hydrates text secrets-only without replacing variables"},{"ancestorTitles":["hydration"],"duration":1,"failing":false,"failureDetails":[],"failureMessages":[],"fullName":"hydration hydrates headers using provided replacer","invocations":1,"location":null,"numPassingAsserts":2,"retryReasons":[],"startAt":1769484567042,"status":"passed","title":"hydrates headers using provided replacer"},{"ancestorTitles":["hydration"],"duration":0,"failing":false,"failureDetails":[],"failureMessages":[],"fullName":"hydration hydrates headers secrets-only","invocations":1,"location":null,"numPassingAsserts":2,"retryReasons":[],"startAt":1769484567043,"status":"passed","title":"hydrates headers secrets-only"},{"ancestorTitles":["hydration"],"duration":4,"failing":false,"failureDetails":[],"failureMessages":[],"fullName":"hydration replaces variables multiple times","invocations":1,"location":null,"numPassingAsserts":1,"retryReasons":[],"startAt":1769484567044,"status":"passed","title":"replaces variables multiple times"},{"ancestorTitles":["hydration"],"duration":0,"failing":false,"failureDetails":[],"failureMessages":[],"fullName":"hydration leaves unknown placeholders intact","invocations":1,"location":null,"numPassingAsserts":1,"retryReasons":[],"startAt":1769484567048,"status":"passed","title":"leaves unknown placeholders intact"}],"endTime":1769484567049,"message":"","name":"/Users/portablesheep/repos/RawRequest/frontend/src/app/services/http/hydration.spec.ts","startTime":1769484566962,"status":"passed","summary":""},{"assertionResults":[{"ancestorTitles":["file-tabs-storage"],"duration":1,"failing":false,"failureDetails":[],"failureMessages":[],"fullName":"file-tabs-storage loads empty array when missing","invocations":1,"location":null,"numPassingAsserts":1,"retryReasons":[],"startAt":1769484567127,"status":"passed","title":"loads empty array when missing"},{"ancestorTitles":["file-tabs-storage"],"duration":1,"failing":false,"failureDetails":[],"failureMessages":[],"fullName":"file-tabs-storage roundtrips via JSON","invocations":1,"location":null,"numPassingAsserts":2,"retryReasons":[],"startAt":1769484567132,"status":"passed","title":"roundtrips via JSON"},{"ancestorTitles":["file-tabs-storage"],"duration":1,"failing":false,"failureDetails":[],"failureMessages":[],"fullName":"file-tabs-storage swallows JSON parse errors and logs","invocations":1,"location":null,"numPassingAsserts":2,"retryReasons":[],"startAt":1769484567133,"status":"passed","title":"swallows JSON parse errors and logs"}],"endTime":1769484567134,"message":"","name":"/Users/portablesheep/repos/RawRequest/frontend/src/app/services/http/file-tabs-storage.spec.ts","startTime":1769484567053,"status":"passed","summary":""},{"assertionResults":[{"ancestorTitles":["execute-chain"],"duration":5,"failing":false,"failureDetails":[],"failureMessages":[],"fullName":"execute-chain syncs variables, prepares requests, calls backend, and parses responses","invocations":1,"location":null,"numPassingAsserts":7,"retryReasons":[],"startAt":1769484567215,"status":"passed","title":"syncs variables, prepares requests, calls backend, and parses responses"},{"ancestorTitles":["execute-chain"],"duration":0,"failing":false,"failureDetails":[],"failureMessages":[],"fullName":"execute-chain uses executeRequests when no requestId","invocations":1,"location":null,"numPassingAsserts":2,"retryReasons":[],"startAt":1769484567221,"status":"passed","title":"uses executeRequests when no requestId"},{"ancestorTitles":["execute-chain"],"duration":1,"failing":false,"failureDetails":[],"failureMessages":[],"fullName":"execute-chain rethrows cancellation errors unchanged","invocations":1,"location":null,"numPassingAsserts":1,"retryReasons":[],"startAt":1769484567221,"status":"passed","title":"rethrows cancellation errors unchanged"},{"ancestorTitles":["execute-chain"],"duration":1,"failing":false,"failureDetails":[],"failureMessages":[],"fullName":"execute-chain throws a shaped ResponseData on failure","invocations":1,"location":null,"numPassingAsserts":1,"retryReasons":[],"startAt":1769484567222,"status":"passed","title":"throws a shaped ResponseData on failure"}],"endTime":1769484567224,"message":"","name":"/Users/portablesheep/repos/RawRequest/frontend/src/app/services/http/execute-chain.spec.ts","startTime":1769484567139,"status":"passed","summary":""},{"assertionResults":[{"ancestorTitles":["request-queue.logic"],"duration":1,"failing":false,"failureDetails":[],"failureMessages":[],"fullName":"request-queue.logic does nothing when a request is running","invocations":1,"location":null,"numPassingAsserts":1,"retryReasons":[],"startAt":1769484567307,"status":"passed","title":"does nothing when a request is running"},{"ancestorTitles":["request-queue.logic"],"duration":1,"failing":false,"failureDetails":[],"failureMessages":[],"fullName":"request-queue.logic does nothing when there is no queued index","invocations":1,"location":null,"numPassingAsserts":1,"retryReasons":[],"startAt":1769484567308,"status":"passed","title":"does nothing when there is no queued index"},{"ancestorTitles":["request-queue.logic"],"duration":1,"failing":false,"failureDetails":[],"failureMessages":[],"fullName":"request-queue.logic consumes queued index when idle","invocations":1,"location":null,"numPassingAsserts":1,"retryReasons":[],"startAt":1769484567309,"status":"passed","title":"consumes queued index when idle"}],"endTime":1769484567310,"message":"","name":"/Users/portablesheep/repos/RawRequest/frontend/src/app/logic/request/request-queue.logic.spec.ts","startTime":1769484567228,"status":"passed","summary":""},{"assertionResults":[{"ancestorTitles":["active-run-rps.logic"],"duration":1,"failing":false,"failureDetails":[],"failureMessages":[],"fullName":"active-run-rps.logic initializes sampling state and returns no sample","invocations":1,"location":null,"numPassingAsserts":3,"retryReasons":[],"startAt":1769484567394,"status":"passed","title":"initializes sampling state and returns no sample"},{"ancestorTitles":["active-run-rps.logic"],"duration":0,"failing":false,"failureDetails":[],"failureMessages":[],"fullName":"active-run-rps.logic does not update state when dt is below threshold","invocations":1,"location":null,"numPassingAsserts":2,"retryReasons":[],"startAt":1769484567396,"status":"passed","title":"does not update state when dt is below threshold"},{"ancestorTitles":["active-run-rps.logic"],"duration":1,"failing":false,"failureDetails":[],"failureMessages":[],"fullName":"active-run-rps.logic samples rps and clamps negative deltas","invocations":1,"location":null,"numPassingAsserts":2,"retryReasons":[],"startAt":1769484567396,"status":"passed","title":"samples rps and clamps negative deltas"},{"ancestorTitles":["active-run-rps.logic"],"duration":1,"failing":false,"failureDetails":[],"failureMessages":[],"fullName":"active-run-rps.logic applies exponential smoothing when prior smoothed exists","invocations":1,"location":null,"numPassingAsserts":2,"retryReasons":[],"startAt":1769484567397,"status":"passed","title":"applies exponential smoothing when prior smoothed exists"}],"endTime":1769484567398,"message":"","name":"/Users/portablesheep/repos/RawRequest/frontend/src/app/logic/active-run/active-run-rps.logic.spec.ts","startTime":1769484567315,"status":"passed","summary":""},{"assertionResults":[{"ancestorTitles":["rawrequest-http parser"],"duration":2,"failing":false,"failureDetails":[],"failureMessages":[],"fullName":"rawrequest-http parser parses header keys with underscores as HeaderLine","invocations":1,"location":null,"numPassingAsserts":2,"retryReasons":[],"startAt":1769484567486,"status":"passed","title":"parses header keys with underscores as HeaderLine"}],"endTime":1769484567489,"message":"","name":"/Users/portablesheep/repos/RawRequest/frontend/src/app/components/editor/rawrequest-http-parser.spec.ts","startTime":1769484567406,"status":"passed","summary":""},{"assertionResults":[{"ancestorTitles":["file-tab-utils"],"duration":1,"failing":false,"failureDetails":[],"failureMessages":[],"fullName":"file-tab-utils uses filePath as id when present","invocations":1,"location":null,"numPassingAsserts":1,"retryReasons":[],"startAt":1769484567573,"status":"passed","title":"uses filePath as id when present"},{"ancestorTitles":["file-tab-utils"],"duration":1,"failing":false,"failureDetails":[],"failureMessages":[],"fullName":"file-tab-utils normalizes selectedEnv to first env if missing/invalid","invocations":1,"location":null,"numPassingAsserts":2,"retryReasons":[],"startAt":1769484567574,"status":"passed","title":"normalizes selectedEnv to first env if missing/invalid"},{"ancestorTitles":["file-tab-utils"],"duration":5,"failing":false,"failureDetails":[],"failureMessages":[],"fullName":"file-tab-utils trims displayName and converts empty to undefined","invocations":1,"location":null,"numPassingAsserts":1,"retryReasons":[],"startAt":1769484567575,"status":"passed","title":"trims displayName and converts empty to undefined"}],"endTime":1769484567580,"message":"","name":"/Users/portablesheep/repos/RawRequest/frontend/src/app/utils/file-tab-utils.spec.ts","startTime":1769484567497,"status":"passed","summary":""},{"assertionResults":[{"ancestorTitles":["cancellation"],"duration":4,"failing":false,"failureDetails":[],"failureMessages":[],"fullName":"cancellation throws a cancellation error when sentinel matches","invocations":1,"location":null,"numPassingAsserts":2,"retryReasons":[],"startAt":1769484567685,"status":"passed","title":"throws a cancellation error when sentinel matches"},{"ancestorTitles":["cancellation"],"duration":9,"failing":false,"failureDetails":[],"failureMessages":[],"fullName":"cancellation does not throw when sentinel does not match","invocations":1,"location":null,"numPassingAsserts":1,"retryReasons":[],"startAt":1769484567689,"status":"passed","title":"does not throw when sentinel does not match"}],"endTime":1769484567699,"message":"","name":"/Users/portablesheep/repos/RawRequest/frontend/src/app/services/http/cancellation.spec.ts","startTime":1769484567585,"status":"passed","summary":""},{"assertionResults":[{"ancestorTitles":["pending-request-reset.logic"],"duration":1,"failing":false,"failureDetails":[],"failureMessages":[],"fullName":"pending-request-reset.logic buildPendingRequestResetPatch clears pending/active request state","invocations":1,"location":null,"numPassingAsserts":9,"retryReasons":[],"startAt":1769484567810,"status":"passed","title":"buildPendingRequestResetPatch clears pending/active request state"}],"endTime":1769484567812,"message":"","name":"/Users/portablesheep/repos/RawRequest/frontend/src/app/logic/request/pending-request-reset.logic.spec.ts","startTime":1769484567705,"status":"passed","summary":""},{"assertionResults":[{"ancestorTitles":["split-layout"],"duration":1,"failing":false,"failureDetails":[],"failureMessages":[],"fullName":"split-layout computes grid template columns string","invocations":1,"location":null,"numPassingAsserts":1,"retryReasons":[],"startAt":1769484567895,"status":"passed","title":"computes grid template columns string"},{"ancestorTitles":["split-layout"],"duration":1,"failing":false,"failureDetails":[],"failureMessages":[],"fullName":"split-layout clamps left width to min/max based on container","invocations":1,"location":null,"numPassingAsserts":3,"retryReasons":[],"startAt":1769484567896,"status":"passed","title":"clamps left width to min/max based on container"},{"ancestorTitles":["split-layout"],"duration":5,"failing":false,"failureDetails":[],"failureMessages":[],"fullName":"split-layout computes drag width with clamping and rounding","invocations":1,"location":null,"numPassingAsserts":3,"retryReasons":[],"startAt":1769484567897,"status":"passed","title":"computes drag width with clamping and rounding"}],"endTime":1769484567902,"message":"","name":"/Users/portablesheep/repos/RawRequest/frontend/src/app/utils/split-layout.spec.ts","startTime":1769484567820,"status":"passed","summary":""},{"assertionResults":[{"ancestorTitles":["last-session utils"],"duration":1,"failing":false,"failureDetails":[],"failureMessages":[],"fullName":"last-session utils builds session state from active file","invocations":1,"location":null,"numPassingAsserts":3,"retryReasons":[],"startAt":1769484567982,"status":"passed","title":"builds session state from active file"},{"ancestorTitles":["last-session utils"],"duration":5,"failing":false,"failureDetails":[],"failureMessages":[],"fullName":"last-session utils finds by id first, then name","invocations":1,"location":null,"numPassingAsserts":3,"retryReasons":[],"startAt":1769484567983,"status":"passed","title":"finds by id first, then name"}],"endTime":1769484567989,"message":"","name":"/Users/portablesheep/repos/RawRequest/frontend/src/app/utils/last-session.spec.ts","startTime":1769484567907,"status":"passed","summary":""},{"assertionResults":[{"ancestorTitles":["HistoryStoreService"],"duration":5,"failing":false,"failureDetails":[],"failureMessages":[],"fullName":"HistoryStoreService loads once then serves from cache","invocations":1,"location":null,"numPassingAsserts":3,"retryReasons":[],"startAt":1769484568072,"status":"passed","title":"loads once then serves from cache"}],"endTime":1769484568078,"message":"","name":"/Users/portablesheep/repos/RawRequest/frontend/src/app/services/history-store.service.spec.ts","startTime":1769484567993,"status":"passed","summary":""}],"wasInterrupted":false}
